[2026-06-12T19:00:57-05:00] activating conda environment
[2026-06-12T19:00:57-05:00] building artifacts/training_datasets/hmmwv_tire_rigid_300g_normal_force_omega_seq_v1 from artifacts/training_datasets/hmmwv_tire_rigid_300g_force_omega_seq_v1 with preset tire_normal_force_omega
wrote /home/harry/NeDM/artifacts/training_datasets/hmmwv_tire_rigid_300g_normal_force_omega_seq_v1 from /home/harry/NeDM/artifacts/training_datasets/hmmwv_tire_rigid_300g_force_omega_seq_v1: 23 -> 15 state fields
verified artifacts/training_datasets/hmmwv_tire_rigid_300g_normal_force_omega_seq_v1: 15 state fields
[2026-06-12T19:01:25-05:00] training v07 tire-normal-force/omega model with configs/hmmwv_transformer_v07_tire_normal_force_omega_300g.json
{
  "epoch": 1,
  "timestamp_utc": "2026-06-13T00:01:59.415326+00:00",
  "train_loss": 0.20887669942341744,
  "val_loss": 0.10901303249411284,
  "val_rmse": {
    "vel_body_x_mps": 0.0016085806167142047,
    "vel_body_y_mps": 0.0018282483484050908,
    "roll_rad": 3.9225228546730435e-05,
    "pitch_rad": 1.1348451562172388e-05,
    "roll_rate_radps": 0.0016980799180067033,
    "ang_vel_body_y_radps": 0.0009494230956998245,
    "yaw_rate_radps": 0.0018312098990345773,
    "tire_fl_force_wheel_fz_n": 40.06539182833886,
    "tire_fr_force_wheel_fz_n": 40.11253621161263,
    "tire_rl_force_wheel_fz_n": 23.40531041091671,
    "tire_rr_force_wheel_fz_n": 21.796054150291646,
    "tire_fl_spindle_omega_radps": 0.10162720244251518,
    "tire_fr_spindle_omega_radps": 0.1014195932901626,
    "tire_rl_spindle_omega_radps": 0.10395131925802889,
    "tire_rr_spindle_omega_radps": 0.0985033273713952
  }
}
{
  "epoch": 2,
  "timestamp_utc": "2026-06-13T00:02:25.253589+00:00",
  "train_loss": 0.09054415827989579,
  "val_loss": 0.07993902282207273,
  "val_rmse": {
    "vel_body_x_mps": 0.001270721684721569,
    "vel_body_y_mps": 0.0013292301217540067,
    "roll_rad": 2.741686122941645e-05,
    "pitch_rad": 8.208170797544864e-06,
    "roll_rate_radps": 0.001436671223585926,
    "ang_vel_body_y_radps": 0.0007495863988143424,
    "yaw_rate_radps": 0.0016856784550531947,
    "tire_fl_force_wheel_fz_n": 35.36698283155446,
    "tire_fr_force_wheel_fz_n": 36.62038197459331,
    "tire_rl_force_wheel_fz_n": 20.82521698942856,
    "tire_rr_force_wheel_fz_n": 19.475196362020885,
    "tire_fl_spindle_omega_radps": 0.07965863252142241,
    "tire_fr_spindle_omega_radps": 0.07184012744223389,
    "tire_rl_spindle_omega_radps": 0.07718183945743624,
    "tire_rr_spindle_omega_radps": 0.07670058624211246
  }
}
{
  "epoch": 3,
  "timestamp_utc": "2026-06-13T00:02:51.485592+00:00",
  "train_loss": 0.0779756076876074,
  "val_loss": 0.07776541579223703,
  "val_rmse": {
    "vel_body_x_mps": 0.0011629500203481009,
    "vel_body_y_mps": 0.00175929963804537,
    "roll_rad": 2.7563289722836837e-05,
    "pitch_rad": 7.478408489827087e-06,
    "roll_rate_radps": 0.0014644008067204587,
    "ang_vel_body_y_radps": 0.0007458435508066022,
    "yaw_rate_radps": 0.0016148341484131295,
    "tire_fl_force_wheel_fz_n": 35.784790336737686,
    "tire_fr_force_wheel_fz_n": 36.115775124149636,
    "tire_rl_force_wheel_fz_n": 19.752066845848923,
    "tire_rr_force_wheel_fz_n": 18.696668978943897,
    "tire_fl_spindle_omega_radps": 0.07337360305612894,
    "tire_fr_spindle_omega_radps": 0.07160272646121221,
    "tire_rl_spindle_omega_radps": 0.07134879043621273,
    "tire_rr_spindle_omega_radps": 0.06735793288863097
  }
}
{
  "epoch": 4,
  "timestamp_utc": "2026-06-13T00:03:17.736169+00:00",
  "train_loss": 0.07208483046852052,
  "val_loss": 0.07171356989769265,
  "val_rmse": {
    "vel_body_x_mps": 0.0010657374266535872,
    "vel_body_y_mps": 0.001256607794906123,
    "roll_rad": 1.847201829940359e-05,
    "pitch_rad": 7.245897947794293e-06,
    "roll_rate_radps": 0.0013954610006835844,
    "ang_vel_body_y_radps": 0.0007108371365589216,
    "yaw_rate_radps": 0.001554064270095479,
    "tire_fl_force_wheel_fz_n": 33.8412930915019,
    "tire_fr_force_wheel_fz_n": 35.48444636725334,
    "tire_rl_force_wheel_fz_n": 19.32644534609446,
    "tire_rr_force_wheel_fz_n": 17.99826862591451,
    "tire_fl_spindle_omega_radps": 0.07418478338421226,
    "tire_fr_spindle_omega_radps": 0.06936881145489403,
    "tire_rl_spindle_omega_radps": 0.07266308017096608,
    "tire_rr_spindle_omega_radps": 0.07094943247200643
  }
}
{
  "epoch": 5,
  "timestamp_utc": "2026-06-13T00:03:44.669029+00:00",
  "train_loss": 0.06812654054909945,
  "val_loss": 0.06764501928701065,
  "val_rmse": {
    "vel_body_x_mps": 0.0010090781482865248,
    "vel_body_y_mps": 0.0012103747764672485,
    "roll_rad": 1.8919565133276872e-05,
    "pitch_rad": 6.74388602312265e-06,
    "roll_rate_radps": 0.0013785993843008655,
    "ang_vel_body_y_radps": 0.0006866923818831675,
    "yaw_rate_radps": 0.0015378182522066315,
    "tire_fl_force_wheel_fz_n": 33.6988748016616,
    "tire_fr_force_wheel_fz_n": 34.26245433406994,
    "tire_rl_force_wheel_fz_n": 18.51679712633562,
    "tire_rr_force_wheel_fz_n": 17.424557105419208,
    "tire_fl_spindle_omega_radps": 0.06736601810849042,
    "tire_fr_spindle_omega_radps": 0.06439010898455153,
    "tire_rl_spindle_omega_radps": 0.06500474950309203,
    "tire_rr_spindle_omega_radps": 0.06229054034574866
  }
}
{
  "epoch": 6,
  "timestamp_utc": "2026-06-13T00:04:11.705798+00:00",
  "train_loss": 0.06655887622386217,
  "val_loss": 0.06551766953023616,
  "val_rmse": {
    "vel_body_x_mps": 0.000924347492021845,
    "vel_body_y_mps": 0.0011840948511385048,
    "roll_rad": 2.45510015286123e-05,
    "pitch_rad": 6.128407103992087e-06,
    "roll_rate_radps": 0.0013674385703795892,
    "ang_vel_body_y_radps": 0.0006615285816750315,
    "yaw_rate_radps": 0.001477048202504054,
    "tire_fl_force_wheel_fz_n": 32.87978691220556,
    "tire_fr_force_wheel_fz_n": 33.989400984980016,
    "tire_rl_force_wheel_fz_n": 18.570599809926797,
    "tire_rr_force_wheel_fz_n": 17.548089197598294,
    "tire_fl_spindle_omega_radps": 0.06302342550304063,
    "tire_fr_spindle_omega_radps": 0.060551281741791536,
    "tire_rl_spindle_omega_radps": 0.06059209458414855,
    "tire_rr_spindle_omega_radps": 0.06105517913690355
  }
}
{
  "epoch": 7,
  "timestamp_utc": "2026-06-13T00:04:38.231556+00:00",
  "train_loss": 0.06501169472374022,
  "val_loss": 0.06200605078716762,
  "val_rmse": {
    "vel_body_x_mps": 0.00094412525141605,
    "vel_body_y_mps": 0.0010116611557951863,
    "roll_rad": 2.0091207787882967e-05,
    "pitch_rad": 6.11067652850534e-06,
    "roll_rate_radps": 0.001341506431583311,
    "ang_vel_body_y_radps": 0.0006036229889178714,
    "yaw_rate_radps": 0.0014991888701045564,
    "tire_fl_force_wheel_fz_n": 32.69980368300079,
    "tire_fr_force_wheel_fz_n": 33.77028718637746,
    "tire_rl_force_wheel_fz_n": 17.87404164152704,
    "tire_rr_force_wheel_fz_n": 16.692488914567193,
    "tire_fl_spindle_omega_radps": 0.061713875252238634,
    "tire_fr_spindle_omega_radps": 0.058455042595102494,
    "tire_rl_spindle_omega_radps": 0.0586407955866692,
    "tire_rr_spindle_omega_radps": 0.058573083148127966
  }
}
{
  "epoch": 8,
  "timestamp_utc": "2026-06-13T00:05:04.606222+00:00",
  "train_loss": 0.06318484231457114,
  "val_loss": 0.06080010027450044,
  "val_rmse": {
    "vel_body_x_mps": 0.0008515202222728882,
    "vel_body_y_mps": 0.0008357352385008598,
    "roll_rad": 1.678914343991882e-05,
    "pitch_rad": 5.075267223252382e-06,
    "roll_rate_radps": 0.0013252436183401346,
    "ang_vel_body_y_radps": 0.0005948609836470679,
    "yaw_rate_radps": 0.001439708537858768,
    "tire_fl_force_wheel_fz_n": 32.931199530083,
    "tire_fr_force_wheel_fz_n": 33.373850678003045,
    "tire_rl_force_wheel_fz_n": 17.86454172858759,
    "tire_rr_force_wheel_fz_n": 16.727950139720072,
    "tire_fl_spindle_omega_radps": 0.06102296796696545,
    "tire_fr_spindle_omega_radps": 0.05823167371958729,
    "tire_rl_spindle_omega_radps": 0.0564473354741861,
    "tire_rr_spindle_omega_radps": 0.056117486869276756
  }
}
{
  "epoch": 9,
  "timestamp_utc": "2026-06-13T00:05:30.273426+00:00",
  "train_loss": 0.06183513429388404,
  "val_loss": 0.061839925175881945,
  "val_rmse": {
    "vel_body_x_mps": 0.0010254261878782206,
    "vel_body_y_mps": 0.0009517889868959448,
    "roll_rad": 1.6811832981176835e-05,
    "pitch_rad": 6.923738683746361e-06,
    "roll_rate_radps": 0.0013250834426783893,
    "ang_vel_body_y_radps": 0.0006637507407273701,
    "yaw_rate_radps": 0.0014658974592626445,
    "tire_fl_force_wheel_fz_n": 32.02379174101001,
    "tire_fr_force_wheel_fz_n": 33.181821760064594,
    "tire_rl_force_wheel_fz_n": 17.69461147639311,
    "tire_rr_force_wheel_fz_n": 16.419833428743733,
    "tire_fl_spindle_omega_radps": 0.06231950808108224,
    "tire_fr_spindle_omega_radps": 0.059362416283635144,
    "tire_rl_spindle_omega_radps": 0.058563056123032475,
    "tire_rr_spindle_omega_radps": 0.056181648014319706
  }
}
{
  "epoch": 10,
  "timestamp_utc": "2026-06-13T00:05:55.548678+00:00",
  "train_loss": 0.06135550962947309,
  "val_loss": 0.061952714754152115,
  "val_rmse": {
    "vel_body_x_mps": 0.0009213274979523252,
    "vel_body_y_mps": 0.0008878136539773011,
    "roll_rad": 1.6630218199604237e-05,
    "pitch_rad": 6.25941106535888e-06,
    "roll_rate_radps": 0.0013195223436337851,
    "ang_vel_body_y_radps": 0.0006612703272974088,
    "yaw_rate_radps": 0.0014269692272312177,
    "tire_fl_force_wheel_fz_n": 32.53053370325703,
    "tire_fr_force_wheel_fz_n": 33.32559046107733,
    "tire_rl_force_wheel_fz_n": 17.952891833432147,
    "tire_rr_force_wheel_fz_n": 16.370115430613694,
    "tire_fl_spindle_omega_radps": 0.06352235445677828,
    "tire_fr_spindle_omega_radps": 0.058198399071280583,
    "tire_rl_spindle_omega_radps": 0.05883732489480703,
    "tire_rr_spindle_omega_radps": 0.055300981479133766
  }
}
{
  "epoch": 11,
  "timestamp_utc": "2026-06-13T00:06:21.298845+00:00",
  "train_loss": 0.06098008711822331,
  "val_loss": 0.05940841624134919,
  "val_rmse": {
    "vel_body_x_mps": 0.0008739626811271897,
    "vel_body_y_mps": 0.0009712845278763091,
    "roll_rad": 1.6654495110755003e-05,
    "pitch_rad": 5.298594913725033e-06,
    "roll_rate_radps": 0.0013229265309133123,
    "ang_vel_body_y_radps": 0.0006260024262714748,
    "yaw_rate_radps": 0.001452708893493525,
    "tire_fl_force_wheel_fz_n": 31.91344923922916,
    "tire_fr_force_wheel_fz_n": 32.76766306776824,
    "tire_rl_force_wheel_fz_n": 17.50919476521349,
    "tire_rr_force_wheel_fz_n": 16.09001933654716,
    "tire_fl_spindle_omega_radps": 0.059084353704339995,
    "tire_fr_spindle_omega_radps": 0.05643451323082033,
    "tire_rl_spindle_omega_radps": 0.05591331748153955,
    "tire_rr_spindle_omega_radps": 0.05661036612545434
  }
}
{
  "epoch": 12,
  "timestamp_utc": "2026-06-13T00:06:47.218893+00:00",
  "train_loss": 0.05859163394849747,
  "val_loss": 0.05950233078678138,
  "val_rmse": {
    "vel_body_x_mps": 0.0008333507374176856,
    "vel_body_y_mps": 0.0008992649056551187,
    "roll_rad": 1.4291717191177719e-05,
    "pitch_rad": 5.351773407382511e-06,
    "roll_rate_radps": 0.001299672525804442,
    "ang_vel_body_y_radps": 0.0006086635832390568,
    "yaw_rate_radps": 0.001463796918086744,
    "tire_fl_force_wheel_fz_n": 32.5928009058873,
    "tire_fr_force_wheel_fz_n": 32.964611281863455,
    "tire_rl_force_wheel_fz_n": 17.457163431107205,
    "tire_rr_force_wheel_fz_n": 16.663755427525548,
    "tire_fl_spindle_omega_radps": 0.057002310602369134,
    "tire_fr_spindle_omega_radps": 0.05408705352110671,
    "tire_rl_spindle_omega_radps": 0.053315627724950486,
    "tire_rr_spindle_omega_radps": 0.0543321644947622
  }
}
{
  "epoch": 13,
  "timestamp_utc": "2026-06-13T00:07:13.232763+00:00",
  "train_loss": 0.05982227694056928,
  "val_loss": 0.06048824591038283,
  "val_rmse": {
    "vel_body_x_mps": 0.0009565576697031069,
    "vel_body_y_mps": 0.0010585526120580257,
    "roll_rad": 1.6224020881202098e-05,
    "pitch_rad": 5.117693233012696e-06,
    "roll_rate_radps": 0.0012994266712735754,
    "ang_vel_body_y_radps": 0.0006260707514825153,
    "yaw_rate_radps": 0.0014285229352439754,
    "tire_fl_force_wheel_fz_n": 32.534261741877074,
    "tire_fr_force_wheel_fz_n": 32.79486604692275,
    "tire_rl_force_wheel_fz_n": 18.03009746193528,
    "tire_rr_force_wheel_fz_n": 16.64513328396325,
    "tire_fl_spindle_omega_radps": 0.060175176734016754,
    "tire_fr_spindle_omega_radps": 0.05631996139736497,
    "tire_rl_spindle_omega_radps": 0.054875913996487696,
    "tire_rr_spindle_omega_radps": 0.05455004048267277
  }
}
{
  "epoch": 14,
  "timestamp_utc": "2026-06-13T00:07:39.202127+00:00",
  "train_loss": 0.05929947598557919,
  "val_loss": 0.057389449478359895,
  "val_rmse": {
    "vel_body_x_mps": 0.0008304029254720845,
    "vel_body_y_mps": 0.000933905992389041,
    "roll_rad": 1.3094181409837803e-05,
    "pitch_rad": 4.819779043091348e-06,
    "roll_rate_radps": 0.0012881493226784058,
    "ang_vel_body_y_radps": 0.00058610370215819,
    "yaw_rate_radps": 0.0013935284644419656,
    "tire_fl_force_wheel_fz_n": 31.759106519773482,
    "tire_fr_force_wheel_fz_n": 33.01286070275259,
    "tire_rl_force_wheel_fz_n": 17.285016879348525,
    "tire_rr_force_wheel_fz_n": 16.1212815643011,
    "tire_fl_spindle_omega_radps": 0.057835328735545144,
    "tire_fr_spindle_omega_radps": 0.05352638419352384,
    "tire_rl_spindle_omega_radps": 0.0528207387349485,
    "tire_rr_spindle_omega_radps": 0.050661479394535656
  }
}
{
  "epoch": 15,
  "timestamp_utc": "2026-06-13T00:08:04.183084+00:00",
  "train_loss": 0.05843650958687067,
  "val_loss": 0.05669332697871141,
  "val_rmse": {
    "vel_body_x_mps": 0.0007966973843168733,
    "vel_body_y_mps": 0.0008548713959507503,
    "roll_rad": 1.385860036673052e-05,
    "pitch_rad": 4.766996818694503e-06,
    "roll_rate_radps": 0.0012979672471853687,
    "ang_vel_body_y_radps": 0.0005783678974779292,
    "yaw_rate_radps": 0.0013948240226437545,
    "tire_fl_force_wheel_fz_n": 31.730860054583488,
    "tire_fr_force_wheel_fz_n": 32.30218909953119,
    "tire_rl_force_wheel_fz_n": 17.218070270809015,
    "tire_rr_force_wheel_fz_n": 16.12380596611932,
    "tire_fl_spindle_omega_radps": 0.055717191265032204,
    "tire_fr_spindle_omega_radps": 0.054807323817844485,
    "tire_rl_spindle_omega_radps": 0.05203985238353602,
    "tire_rr_spindle_omega_radps": 0.05167266428703061
  }
}
{
  "epoch": 16,
  "timestamp_utc": "2026-06-13T00:08:29.495265+00:00",
  "train_loss": 0.05761895297747106,
  "val_loss": 0.05900208329316228,
  "val_rmse": {
    "vel_body_x_mps": 0.0008839078052455973,
    "vel_body_y_mps": 0.0008636351929867853,
    "roll_rad": 1.186256903259415e-05,
    "pitch_rad": 5.203733846173459e-06,
    "roll_rate_radps": 0.0013166722827264025,
    "ang_vel_body_y_radps": 0.0006519946705290481,
    "yaw_rate_radps": 0.0013819189262955784,
    "tire_fl_force_wheel_fz_n": 32.11316608088595,
    "tire_fr_force_wheel_fz_n": 32.65323389060561,
    "tire_rl_force_wheel_fz_n": 17.048329366292606,
    "tire_rr_force_wheel_fz_n": 15.689596013173905,
    "tire_fl_spindle_omega_radps": 0.05943853268261461,
    "tire_fr_spindle_omega_radps": 0.0562651690875487,
    "tire_rl_spindle_omega_radps": 0.05694009118579873,
    "tire_rr_spindle_omega_radps": 0.05328693977087167
  }
}
{
  "epoch": 17,
  "timestamp_utc": "2026-06-13T00:08:54.471810+00:00",
  "train_loss": 0.05725465877074748,
  "val_loss": 0.05579254454904003,
  "val_rmse": {
    "vel_body_x_mps": 0.0008020632407378241,
    "vel_body_y_mps": 0.0008619016428940589,
    "roll_rad": 1.3692099806921154e-05,
    "pitch_rad": 4.706528305541491e-06,
    "roll_rate_radps": 0.0012843534811864577,
    "ang_vel_body_y_radps": 0.0005801281038179455,
    "yaw_rate_radps": 0.0013791048965195727,
    "tire_fl_force_wheel_fz_n": 31.300118692503613,
    "tire_fr_force_wheel_fz_n": 32.49284790622672,
    "tire_rl_force_wheel_fz_n": 17.182092858681354,
    "tire_rr_force_wheel_fz_n": 15.61354877310494,
    "tire_fl_spindle_omega_radps": 0.05528720197767715,
    "tire_fr_spindle_omega_radps": 0.05283228729087136,
    "tire_rl_spindle_omega_radps": 0.051773867569153136,
    "tire_rr_spindle_omega_radps": 0.05033982277879119
  }
}
{
  "epoch": 18,
  "timestamp_utc": "2026-06-13T00:09:19.237250+00:00",
  "train_loss": 0.05746730953082442,
  "val_loss": 0.057380859317199794,
  "val_rmse": {
    "vel_body_x_mps": 0.0008397474588084781,
    "vel_body_y_mps": 0.0008872035714198008,
    "roll_rad": 1.4835268657992445e-05,
    "pitch_rad": 5.783589903746066e-06,
    "roll_rate_radps": 0.0012707966640796823,
    "ang_vel_body_y_radps": 0.0006499226403298926,
    "yaw_rate_radps": 0.0013799500572771288,
    "tire_fl_force_wheel_fz_n": 31.5331430403396,
    "tire_fr_force_wheel_fz_n": 32.301478815401666,
    "tire_rl_force_wheel_fz_n": 17.03976127790295,
    "tire_rr_force_wheel_fz_n": 15.51361525489592,
    "tire_fl_spindle_omega_radps": 0.05753324888750141,
    "tire_fr_spindle_omega_radps": 0.055522955439898415,
    "tire_rl_spindle_omega_radps": 0.052784940911019144,
    "tire_rr_spindle_omega_radps": 0.0528249675202156
  }
}
{
  "epoch": 19,
  "timestamp_utc": "2026-06-13T00:09:43.963140+00:00",
  "train_loss": 0.05695200039446354,
  "val_loss": 0.05628461383166723,
  "val_rmse": {
    "vel_body_x_mps": 0.0007797754117469838,
    "vel_body_y_mps": 0.0008929831647653618,
    "roll_rad": 1.3871667660264559e-05,
    "pitch_rad": 4.504123037830836e-06,
    "roll_rate_radps": 0.0012577656115607694,
    "ang_vel_body_y_radps": 0.0005395706487055227,
    "yaw_rate_radps": 0.001380450820690538,
    "tire_fl_force_wheel_fz_n": 31.796593430530706,
    "tire_fr_force_wheel_fz_n": 32.74811954206521,
    "tire_rl_force_wheel_fz_n": 17.401882485798197,
    "tire_rr_force_wheel_fz_n": 17.00804857376686,
    "tire_fl_spindle_omega_radps": 0.053661488896179,
    "tire_fr_spindle_omega_radps": 0.051037681638177367,
    "tire_rl_spindle_omega_radps": 0.049374255561474865,
    "tire_rr_spindle_omega_radps": 0.04839131330015478
  }
}
{
  "epoch": 20,
  "timestamp_utc": "2026-06-13T00:10:08.684661+00:00",
  "train_loss": 0.05604874665010721,
  "val_loss": 0.054012271083774974,
  "val_rmse": {
    "vel_body_x_mps": 0.0007590027638600492,
    "vel_body_y_mps": 0.0008327605196561231,
    "roll_rad": 1.4288047678526875e-05,
    "pitch_rad": 4.341036992964942e-06,
    "roll_rate_radps": 0.001262411441729203,
    "ang_vel_body_y_radps": 0.0005330134659020027,
    "yaw_rate_radps": 0.001378216278575272,
    "tire_fl_force_wheel_fz_n": 31.432327863068217,
    "tire_fr_force_wheel_fz_n": 32.05894673369398,
    "tire_rl_force_wheel_fz_n": 17.027934491734737,
    "tire_rr_force_wheel_fz_n": 15.602668916900036,
    "tire_fl_spindle_omega_radps": 0.053709177376225534,
    "tire_fr_spindle_omega_radps": 0.05015803806168844,
    "tire_rl_spindle_omega_radps": 0.050248540051392815,
    "tire_rr_spindle_omega_radps": 0.049851528964630486
  }
}
{
  "epoch": 21,
  "timestamp_utc": "2026-06-13T00:10:33.629068+00:00",
  "train_loss": 0.05536433689203114,
  "val_loss": 0.057997841250617056,
  "val_rmse": {
    "vel_body_x_mps": 0.0008827686872642554,
    "vel_body_y_mps": 0.0009744499748677257,
    "roll_rad": 1.5368397119493064e-05,
    "pitch_rad": 4.949884214718709e-06,
    "roll_rate_radps": 0.0013001620551142815,
    "ang_vel_body_y_radps": 0.0006489478779511478,
    "yaw_rate_radps": 0.001393361345946347,
    "tire_fl_force_wheel_fz_n": 31.509141329990648,
    "tire_fr_force_wheel_fz_n": 32.22297263112327,
    "tire_rl_force_wheel_fz_n": 16.891339037232925,
    "tire_rr_force_wheel_fz_n": 15.899401344719257,
    "tire_fl_spindle_omega_radps": 0.057540616933070596,
    "tire_fr_spindle_omega_radps": 0.056013327975424104,
    "tire_rl_spindle_omega_radps": 0.056942199411132044,
    "tire_rr_spindle_omega_radps": 0.05425535941172794
  }
}
{
  "epoch": 22,
  "timestamp_utc": "2026-06-13T00:10:58.369933+00:00",
  "train_loss": 0.05616257955413312,
  "val_loss": 0.05430634347110754,
  "val_rmse": {
    "vel_body_x_mps": 0.000754084414437435,
    "vel_body_y_mps": 0.0007861678563531733,
    "roll_rad": 1.2808363597578358e-05,
    "pitch_rad": 4.430292768952595e-06,
    "roll_rate_radps": 0.0012457516182231908,
    "ang_vel_body_y_radps": 0.0005668657489234162,
    "yaw_rate_radps": 0.001350605809621591,
    "tire_fl_force_wheel_fz_n": 31.479575560182294,
    "tire_fr_force_wheel_fz_n": 31.8947147282534,
    "tire_rl_force_wheel_fz_n": 17.000164460831215,
    "tire_rr_force_wheel_fz_n": 15.726610934793596,
    "tire_fl_spindle_omega_radps": 0.05384550291331877,
    "tire_fr_spindle_omega_radps": 0.04985145150048414,
    "tire_rl_spindle_omega_radps": 0.05170851671587214,
    "tire_rr_spindle_omega_radps": 0.047897454386555786
  }
}
{
  "epoch": 23,
  "timestamp_utc": "2026-06-13T00:11:23.099926+00:00",
  "train_loss": 0.055357779100537303,
  "val_loss": 0.05448597505746875,
  "val_rmse": {
    "vel_body_x_mps": 0.0007989603494930445,
    "vel_body_y_mps": 0.0008881375519423385,
    "roll_rad": 1.3185372963258564e-05,
    "pitch_rad": 4.501897003631702e-06,
    "roll_rate_radps": 0.0012677268833521421,
    "ang_vel_body_y_radps": 0.0005866865950896364,
    "yaw_rate_radps": 0.0013698662588126746,
    "tire_fl_force_wheel_fz_n": 31.07798735118703,
    "tire_fr_force_wheel_fz_n": 31.86516478242561,
    "tire_rl_force_wheel_fz_n": 16.534691412664394,
    "tire_rr_force_wheel_fz_n": 15.420938744228085,
    "tire_fl_spindle_omega_radps": 0.05742816419208405,
    "tire_fr_spindle_omega_radps": 0.05353871699832171,
    "tire_rl_spindle_omega_radps": 0.05240222332330431,
    "tire_rr_spindle_omega_radps": 0.04947221654739293
  }
}
{
  "epoch": 24,
  "timestamp_utc": "2026-06-13T00:11:47.804930+00:00",
  "train_loss": 0.05463687010481954,
  "val_loss": 0.055842777051148006,
  "val_rmse": {
    "vel_body_x_mps": 0.0007876805793963748,
    "vel_body_y_mps": 0.0007650826692866017,
    "roll_rad": 1.4589614520987475e-05,
    "pitch_rad": 4.491370127069883e-06,
    "roll_rate_radps": 0.0012783422277236466,
    "ang_vel_body_y_radps": 0.0006208816895951822,
    "yaw_rate_radps": 0.0013577027119844108,
    "tire_fl_force_wheel_fz_n": 31.222465857797843,
    "tire_fr_force_wheel_fz_n": 32.23962991378122,
    "tire_rl_force_wheel_fz_n": 16.859190794581007,
    "tire_rr_force_wheel_fz_n": 15.281752721010143,
    "tire_fl_spindle_omega_radps": 0.05817355204635778,
    "tire_fr_spindle_omega_radps": 0.05391510294323655,
    "tire_rl_spindle_omega_radps": 0.05172016457016597,
    "tire_rr_spindle_omega_radps": 0.05211870717989406
  }
}
{
  "epoch": 25,
  "timestamp_utc": "2026-06-13T00:12:12.541862+00:00",
  "train_loss": 0.05501649434491992,
  "val_loss": 0.052859235588402956,
  "val_rmse": {
    "vel_body_x_mps": 0.0007518053614347372,
    "vel_body_y_mps": 0.0008695605226638117,
    "roll_rad": 1.5052631663777974e-05,
    "pitch_rad": 4.0417470356927055e-06,
    "roll_rate_radps": 0.0012543951620472512,
    "ang_vel_body_y_radps": 0.0005357926607997284,
    "yaw_rate_radps": 0.0013395919378021818,
    "tire_fl_force_wheel_fz_n": 30.883630220263765,
    "tire_fr_force_wheel_fz_n": 31.839211001360862,
    "tire_rl_force_wheel_fz_n": 16.611701389718636,
    "tire_rr_force_wheel_fz_n": 15.433381530492156,
    "tire_fl_spindle_omega_radps": 0.05553473840296979,
    "tire_fr_spindle_omega_radps": 0.05077065760436383,
    "tire_rl_spindle_omega_radps": 0.04886533423279374,
    "tire_rr_spindle_omega_radps": 0.047901817124419106
  }
}
{
  "epoch": 26,
  "timestamp_utc": "2026-06-13T00:12:37.176475+00:00",
  "train_loss": 0.05434803946595639,
  "val_loss": 0.052472867889446204,
  "val_rmse": {
    "vel_body_x_mps": 0.0006995344323740823,
    "vel_body_y_mps": 0.0007304716271389983,
    "roll_rad": 1.1494483311162773e-05,
    "pitch_rad": 3.965897275417778e-06,
    "roll_rate_radps": 0.0012329040010923668,
    "ang_vel_body_y_radps": 0.000539088569950713,
    "yaw_rate_radps": 0.001319756669028608,
    "tire_fl_force_wheel_fz_n": 31.290699651475368,
    "tire_fr_force_wheel_fz_n": 31.912694530813088,
    "tire_rl_force_wheel_fz_n": 16.530920640444343,
    "tire_rr_force_wheel_fz_n": 15.306156284564079,
    "tire_fl_spindle_omega_radps": 0.05137380161601679,
    "tire_fr_spindle_omega_radps": 0.04930799256853955,
    "tire_rl_spindle_omega_radps": 0.048831736550154124,
    "tire_rr_spindle_omega_radps": 0.04755517973515102
  }
}
{
  "epoch": 27,
  "timestamp_utc": "2026-06-13T00:13:01.925814+00:00",
  "train_loss": 0.054470932517200706,
  "val_loss": 0.05269431528606219,
  "val_rmse": {
    "vel_body_x_mps": 0.0007354496192665951,
    "vel_body_y_mps": 0.0009291067124357545,
    "roll_rad": 1.3253704103943522e-05,
    "pitch_rad": 4.144720065181521e-06,
    "roll_rate_radps": 0.0012559226728246593,
    "ang_vel_body_y_radps": 0.0005322477505128206,
    "yaw_rate_radps": 0.0013743106077924068,
    "tire_fl_force_wheel_fz_n": 30.69682171721923,
    "tire_fr_force_wheel_fz_n": 31.899794737871474,
    "tire_rl_force_wheel_fz_n": 16.59824885588197,
    "tire_rr_force_wheel_fz_n": 15.508063731121133,
    "tire_fl_spindle_omega_radps": 0.051813772000337925,
    "tire_fr_spindle_omega_radps": 0.05039483888672306,
    "tire_rl_spindle_omega_radps": 0.04827945104090136,
    "tire_rr_spindle_omega_radps": 0.04757382350286639
  }
}
{
  "epoch": 28,
  "timestamp_utc": "2026-06-13T00:13:26.659152+00:00",
  "train_loss": 0.05442141133081168,
  "val_loss": 0.055839743722171986,
  "val_rmse": {
    "vel_body_x_mps": 0.0007822156625557228,
    "vel_body_y_mps": 0.0007943567939705363,
    "roll_rad": 1.1981548439158558e-05,
    "pitch_rad": 5.129811875461819e-06,
    "roll_rate_radps": 0.0012781455760479809,
    "ang_vel_body_y_radps": 0.000640728362258058,
    "yaw_rate_radps": 0.0013661839046268786,
    "tire_fl_force_wheel_fz_n": 30.954414810659408,
    "tire_fr_force_wheel_fz_n": 31.923690068741973,
    "tire_rl_force_wheel_fz_n": 16.572109638403887,
    "tire_rr_force_wheel_fz_n": 15.592406948635194,
    "tire_fl_spindle_omega_radps": 0.055261559105855326,
    "tire_fr_spindle_omega_radps": 0.053649303960467104,
    "tire_rl_spindle_omega_radps": 0.052823892093534684,
    "tire_rr_spindle_omega_radps": 0.051299492998360556
  }
}
{
  "epoch": 29,
  "timestamp_utc": "2026-06-13T00:13:51.451998+00:00",
  "train_loss": 0.05404620472434908,
  "val_loss": 0.05330749563057907,
  "val_rmse": {
    "vel_body_x_mps": 0.0007115062467344226,
    "vel_body_y_mps": 0.0007537600667193744,
    "roll_rad": 1.344464503755275e-05,
    "pitch_rad": 4.17237341062646e-06,
    "roll_rate_radps": 0.0012751004743087517,
    "ang_vel_body_y_radps": 0.0005529596153209623,
    "yaw_rate_radps": 0.0013452328592531901,
    "tire_fl_force_wheel_fz_n": 30.998987463750666,
    "tire_fr_force_wheel_fz_n": 31.625715345464467,
    "tire_rl_force_wheel_fz_n": 16.613740037170732,
    "tire_rr_force_wheel_fz_n": 15.396660245911734,
    "tire_fl_spindle_omega_radps": 0.0536053831693964,
    "tire_fr_spindle_omega_radps": 0.0527502334560753,
    "tire_rl_spindle_omega_radps": 0.04966663416225136,
    "tire_rr_spindle_omega_radps": 0.04894985266123577
  }
}
{
  "epoch": 30,
  "timestamp_utc": "2026-06-13T00:14:16.191141+00:00",
  "train_loss": 0.054382307261228564,
  "val_loss": 0.05673449999885634,
  "val_rmse": {
    "vel_body_x_mps": 0.0008615763229841286,
    "vel_body_y_mps": 0.000734588427033611,
    "roll_rad": 1.3019346795288506e-05,
    "pitch_rad": 4.8024651206312325e-06,
    "roll_rate_radps": 0.0012981303126174293,
    "ang_vel_body_y_radps": 0.0006935031282417496,
    "yaw_rate_radps": 0.0013262447385710841,
    "tire_fl_force_wheel_fz_n": 30.63330370282749,
    "tire_fr_force_wheel_fz_n": 31.58963352239551,
    "tire_rl_force_wheel_fz_n": 16.450738499972605,
    "tire_rr_force_wheel_fz_n": 15.216734230520675,
    "tire_fl_spindle_omega_radps": 0.05534527267569983,
    "tire_fr_spindle_omega_radps": 0.05809508200578162,
    "tire_rl_spindle_omega_radps": 0.05774415559721808,
    "tire_rr_spindle_omega_radps": 0.05519150225316452
  }
}
{
  "epoch": 31,
  "timestamp_utc": "2026-06-13T00:14:40.897349+00:00",
  "train_loss": 0.05376087525114417,
  "val_loss": 0.053460989444865846,
  "val_rmse": {
    "vel_body_x_mps": 0.00072819609368341,
    "vel_body_y_mps": 0.0007322597567864819,
    "roll_rad": 1.0718416204313093e-05,
    "pitch_rad": 4.275144123151685e-06,
    "roll_rate_radps": 0.0012642118250301218,
    "ang_vel_body_y_radps": 0.0005807241033796549,
    "yaw_rate_radps": 0.0013380917520896018,
    "tire_fl_force_wheel_fz_n": 31.18424920036553,
    "tire_fr_force_wheel_fz_n": 31.594744705668035,
    "tire_rl_force_wheel_fz_n": 16.33805758568913,
    "tire_rr_force_wheel_fz_n": 15.340319713943714,
    "tire_fl_spindle_omega_radps": 0.0528771990416451,
    "tire_fr_spindle_omega_radps": 0.05029842925482436,
    "tire_rl_spindle_omega_radps": 0.0514437876328772,
    "tire_rr_spindle_omega_radps": 0.04674450721843738
  }
}
{
  "epoch": 32,
  "timestamp_utc": "2026-06-13T00:15:05.621042+00:00",
  "train_loss": 0.053076739802025256,
  "val_loss": 0.05200737322564237,
  "val_rmse": {
    "vel_body_x_mps": 0.000728695440338264,
    "vel_body_y_mps": 0.0008357195506670414,
    "roll_rad": 1.3195658800967535e-05,
    "pitch_rad": 3.858560520616194e-06,
    "roll_rate_radps": 0.0012425835701507773,
    "ang_vel_body_y_radps": 0.0005333057899273992,
    "yaw_rate_radps": 0.0013571136921184527,
    "tire_fl_force_wheel_fz_n": 30.662583154300446,
    "tire_fr_force_wheel_fz_n": 31.646815826972432,
    "tire_rl_force_wheel_fz_n": 16.493986179313058,
    "tire_rr_force_wheel_fz_n": 15.386373305112164,
    "tire_fl_spindle_omega_radps": 0.0508168631887911,
    "tire_fr_spindle_omega_radps": 0.04933660897789701,
    "tire_rl_spindle_omega_radps": 0.048902459915038526,
    "tire_rr_spindle_omega_radps": 0.04786918591264655
  }
}
{
  "epoch": 33,
  "timestamp_utc": "2026-06-13T00:15:30.575942+00:00",
  "train_loss": 0.053130233752541244,
  "val_loss": 0.05074329617025796,
  "val_rmse": {
    "vel_body_x_mps": 0.0006753535296080734,
    "vel_body_y_mps": 0.0007240458426189769,
    "roll_rad": 9.855376346750664e-06,
    "pitch_rad": 3.7988781602837617e-06,
    "roll_rate_radps": 0.0012341096105198744,
    "ang_vel_body_y_radps": 0.0005444791907732212,
    "yaw_rate_radps": 0.001308260282466936,
    "tire_fl_force_wheel_fz_n": 30.195121024764582,
    "tire_fr_force_wheel_fz_n": 31.241579074377302,
    "tire_rl_force_wheel_fz_n": 16.26119712467645,
    "tire_rr_force_wheel_fz_n": 15.088255003327232,
    "tire_fl_spindle_omega_radps": 0.05075650660217856,
    "tire_fr_spindle_omega_radps": 0.04810016614535589,
    "tire_rl_spindle_omega_radps": 0.047070941794768305,
    "tire_rr_spindle_omega_radps": 0.04680492988673572
  }
}
{
  "epoch": 34,
  "timestamp_utc": "2026-06-13T00:15:55.366430+00:00",
  "train_loss": 0.053030385953374205,
  "val_loss": 0.05122023517178605,
  "val_rmse": {
    "vel_body_x_mps": 0.0006871860243258616,
    "vel_body_y_mps": 0.0006849931454450354,
    "roll_rad": 1.1777520484005619e-05,
    "pitch_rad": 3.968093531947886e-06,
    "roll_rate_radps": 0.0012239096807579156,
    "ang_vel_body_y_radps": 0.0005270531835026484,
    "yaw_rate_radps": 0.0013391316727552763,
    "tire_fl_force_wheel_fz_n": 30.663772783443953,
    "tire_fr_force_wheel_fz_n": 31.363390964093327,
    "tire_rl_force_wheel_fz_n": 16.641832887250484,
    "tire_rr_force_wheel_fz_n": 15.186747157742756,
    "tire_fl_spindle_omega_radps": 0.05142294747080038,
    "tire_fr_spindle_omega_radps": 0.048742948422127445,
    "tire_rl_spindle_omega_radps": 0.04716260791116611,
    "tire_rr_spindle_omega_radps": 0.04741913740837319
  }
}
{
  "epoch": 35,
  "timestamp_utc": "2026-06-13T00:16:20.136379+00:00",
  "train_loss": 0.05276525054126978,
  "val_loss": 0.05130376093322411,
  "val_rmse": {
    "vel_body_x_mps": 0.0006801250448314589,
    "vel_body_y_mps": 0.0007333944915250175,
    "roll_rad": 1.3366818837221915e-05,
    "pitch_rad": 3.874295516472458e-06,
    "roll_rate_radps": 0.0012313509577738752,
    "ang_vel_body_y_radps": 0.0005316733896999599,
    "yaw_rate_radps": 0.0013417489804087922,
    "tire_fl_force_wheel_fz_n": 30.64308083360101,
    "tire_fr_force_wheel_fz_n": 31.2807496606863,
    "tire_rl_force_wheel_fz_n": 16.38610110229871,
    "tire_rr_force_wheel_fz_n": 15.35467705773336,
    "tire_fl_spindle_omega_radps": 0.05037725022293897,
    "tire_fr_spindle_omega_radps": 0.04864385824087015,
    "tire_rl_spindle_omega_radps": 0.048273691227757175,
    "tire_rr_spindle_omega_radps": 0.04848810405250243
  }
}
{
  "epoch": 36,
  "timestamp_utc": "2026-06-13T00:16:44.873094+00:00",
  "train_loss": 0.05249951700214297,
  "val_loss": 0.053017295011377426,
  "val_rmse": {
    "vel_body_x_mps": 0.0007558976192513924,
    "vel_body_y_mps": 0.0007351688284293167,
    "roll_rad": 9.934407526853263e-06,
    "pitch_rad": 4.5763434079286015e-06,
    "roll_rate_radps": 0.0012323723148662488,
    "ang_vel_body_y_radps": 0.0006341954514638846,
    "yaw_rate_radps": 0.0013126945500194895,
    "tire_fl_force_wheel_fz_n": 30.1587622039836,
    "tire_fr_force_wheel_fz_n": 31.235510598244584,
    "tire_rl_force_wheel_fz_n": 16.187879900800922,
    "tire_rr_force_wheel_fz_n": 15.121695352469862,
    "tire_fl_spindle_omega_radps": 0.053662074134640476,
    "tire_fr_spindle_omega_radps": 0.052710535851523174,
    "tire_rl_spindle_omega_radps": 0.053279169907920504,
    "tire_rr_spindle_omega_radps": 0.050224744360943
  }
}
{
  "epoch": 37,
  "timestamp_utc": "2026-06-13T00:17:09.644185+00:00",
  "train_loss": 0.051914769291877744,
  "val_loss": 0.05060251507587964,
  "val_rmse": {
    "vel_body_x_mps": 0.00072115052667146,
    "vel_body_y_mps": 0.000797984907809923,
    "roll_rad": 1.3283759760680826e-05,
    "pitch_rad": 3.797916884193237e-06,
    "roll_rate_radps": 0.0012269117210970883,
    "ang_vel_body_y_radps": 0.0005270791383181937,
    "yaw_rate_radps": 0.0013332214589299196,
    "tire_fl_force_wheel_fz_n": 30.402112175320386,
    "tire_fr_force_wheel_fz_n": 31.26338030091655,
    "tire_rl_force_wheel_fz_n": 16.292034457153665,
    "tire_rr_force_wheel_fz_n": 15.145855394615817,
    "tire_fl_spindle_omega_radps": 0.04831023381180926,
    "tire_fr_spindle_omega_radps": 0.0469037739156173,
    "tire_rl_spindle_omega_radps": 0.045525985721537335,
    "tire_rr_spindle_omega_radps": 0.04482931291315353
  }
}
{
  "epoch": 38,
  "timestamp_utc": "2026-06-13T00:17:34.599147+00:00",
  "train_loss": 0.05294889593310654,
  "val_loss": 0.050514496681280434,
  "val_rmse": {
    "vel_body_x_mps": 0.0006713891412955605,
    "vel_body_y_mps": 0.0007336387812719472,
    "roll_rad": 1.2998961034601002e-05,
    "pitch_rad": 3.772861953926744e-06,
    "roll_rate_radps": 0.0012175657460927146,
    "ang_vel_body_y_radps": 0.0005264685708398112,
    "yaw_rate_radps": 0.0013231011219034972,
    "tire_fl_force_wheel_fz_n": 30.3329343235755,
    "tire_fr_force_wheel_fz_n": 31.510446422913848,
    "tire_rl_force_wheel_fz_n": 16.384272711953134,
    "tire_rr_force_wheel_fz_n": 14.944029271600638,
    "tire_fl_spindle_omega_radps": 0.0507023117149503,
    "tire_fr_spindle_omega_radps": 0.04878082080508845,
    "tire_rl_spindle_omega_radps": 0.04587441477849358,
    "tire_rr_spindle_omega_radps": 0.04542072430095277
  }
}
{
  "epoch": 39,
  "timestamp_utc": "2026-06-13T00:17:59.550752+00:00",
  "train_loss": 0.051715696152299644,
  "val_loss": 0.04938864896597806,
  "val_rmse": {
    "vel_body_x_mps": 0.0006871731079703073,
    "vel_body_y_mps": 0.0006878745977144697,
    "roll_rad": 9.214209029095557e-06,
    "pitch_rad": 4.1784635677357866e-06,
    "roll_rate_radps": 0.0012156818925394876,
    "ang_vel_body_y_radps": 0.0005223948840974833,
    "yaw_rate_radps": 0.0012998552281732894,
    "tire_fl_force_wheel_fz_n": 29.972288699253625,
    "tire_fr_force_wheel_fz_n": 30.954456407468946,
    "tire_rl_force_wheel_fz_n": 16.138424352755713,
    "tire_rr_force_wheel_fz_n": 14.891835007474754,
    "tire_fl_spindle_omega_radps": 0.04877864693928726,
    "tire_fr_spindle_omega_radps": 0.04668119480936606,
    "tire_rl_spindle_omega_radps": 0.045180462556065344,
    "tire_rr_spindle_omega_radps": 0.04507366636978506
  }
}
{
  "epoch": 40,
  "timestamp_utc": "2026-06-13T00:18:24.505328+00:00",
  "train_loss": 0.051809652862139045,
  "val_loss": 0.04977108752937056,
  "val_rmse": {
    "vel_body_x_mps": 0.0006990061779631257,
    "vel_body_y_mps": 0.0006514451012249784,
    "roll_rad": 9.952111304140911e-06,
    "pitch_rad": 3.7035684168270474e-06,
    "roll_rate_radps": 0.001222799202225686,
    "ang_vel_body_y_radps": 0.0005322625151007656,
    "yaw_rate_radps": 0.0013146626878549922,
    "tire_fl_force_wheel_fz_n": 30.222915056335136,
    "tire_fr_force_wheel_fz_n": 31.05038046515452,
    "tire_rl_force_wheel_fz_n": 15.974838751067153,
    "tire_rr_force_wheel_fz_n": 14.90187523565591,
    "tire_fl_spindle_omega_radps": 0.048094286553898656,
    "tire_fr_spindle_omega_radps": 0.046477948769599174,
    "tire_rl_spindle_omega_radps": 0.04544530833225328,
    "tire_rr_spindle_omega_radps": 0.044631937808659865
  }
}
{
  "epoch": 41,
  "timestamp_utc": "2026-06-13T00:18:49.409607+00:00",
  "train_loss": 0.051085362502373756,
  "val_loss": 0.04961993604898453,
  "val_rmse": {
    "vel_body_x_mps": 0.0006702144909654688,
    "vel_body_y_mps": 0.000697229901833211,
    "roll_rad": 1.0704916692377516e-05,
    "pitch_rad": 3.885966626007969e-06,
    "roll_rate_radps": 0.0012188644387122445,
    "ang_vel_body_y_radps": 0.0005242407958881979,
    "yaw_rate_radps": 0.0012892195337826185,
    "tire_fl_force_wheel_fz_n": 30.16392141005354,
    "tire_fr_force_wheel_fz_n": 31.023467528444666,
    "tire_rl_force_wheel_fz_n": 16.180327691454295,
    "tire_rr_force_wheel_fz_n": 14.814369068850274,
    "tire_fl_spindle_omega_radps": 0.049063352716283794,
    "tire_fr_spindle_omega_radps": 0.04740446404964889,
    "tire_rl_spindle_omega_radps": 0.04614676357393556,
    "tire_rr_spindle_omega_radps": 0.045401692586275195
  }
}
{
  "epoch": 42,
  "timestamp_utc": "2026-06-13T00:19:14.312814+00:00",
  "train_loss": 0.051366937381215394,
  "val_loss": 0.04985448145045666,
  "val_rmse": {
    "vel_body_x_mps": 0.0006713439507906139,
    "vel_body_y_mps": 0.000691922888426543,
    "roll_rad": 1.018967661007236e-05,
    "pitch_rad": 3.5823667442713587e-06,
    "roll_rate_radps": 0.0012182865927049548,
    "ang_vel_body_y_radps": 0.0005282061806708132,
    "yaw_rate_radps": 0.0013041430513593486,
    "tire_fl_force_wheel_fz_n": 30.025794307293097,
    "tire_fr_force_wheel_fz_n": 31.27191890058946,
    "tire_rl_force_wheel_fz_n": 15.99801132695586,
    "tire_rr_force_wheel_fz_n": 15.023916299840447,
    "tire_fl_spindle_omega_radps": 0.05076403725523586,
    "tire_fr_spindle_omega_radps": 0.048653545291933505,
    "tire_rl_spindle_omega_radps": 0.046572232635282276,
    "tire_rr_spindle_omega_radps": 0.04613525765121783
  }
}
{
  "epoch": 43,
  "timestamp_utc": "2026-06-13T00:19:39.140064+00:00",
  "train_loss": 0.05107223774585873,
  "val_loss": 0.04995301390299574,
  "val_rmse": {
    "vel_body_x_mps": 0.0006761619982275967,
    "vel_body_y_mps": 0.0006889734415507095,
    "roll_rad": 1.1513654792344879e-05,
    "pitch_rad": 3.707499101424179e-06,
    "roll_rate_radps": 0.0012060033762201557,
    "ang_vel_body_y_radps": 0.0005228624682463203,
    "yaw_rate_radps": 0.001313791666872679,
    "tire_fl_force_wheel_fz_n": 30.662934596492104,
    "tire_fr_force_wheel_fz_n": 31.163150144176583,
    "tire_rl_force_wheel_fz_n": 16.156676508588188,
    "tire_rr_force_wheel_fz_n": 14.929576476286643,
    "tire_fl_spindle_omega_radps": 0.04770337510492831,
    "tire_fr_spindle_omega_radps": 0.04610944161556388,
    "tire_rl_spindle_omega_radps": 0.04696241946854465,
    "tire_rr_spindle_omega_radps": 0.04488041210542085
  }
}
{
  "epoch": 44,
  "timestamp_utc": "2026-06-13T00:20:03.995190+00:00",
  "train_loss": 0.05029858831129968,
  "val_loss": 0.04882747027004371,
  "val_rmse": {
    "vel_body_x_mps": 0.0006741745309291565,
    "vel_body_y_mps": 0.0008321486528213646,
    "roll_rad": 9.723909252778377e-06,
    "pitch_rad": 3.5976106798251282e-06,
    "roll_rate_radps": 0.0012078180635396885,
    "ang_vel_body_y_radps": 0.0005231711526565232,
    "yaw_rate_radps": 0.001274202323769248,
    "tire_fl_force_wheel_fz_n": 29.852943683889457,
    "tire_fr_force_wheel_fz_n": 30.89440490936056,
    "tire_rl_force_wheel_fz_n": 15.945878992479654,
    "tire_rr_force_wheel_fz_n": 14.810215240472111,
    "tire_fl_spindle_omega_radps": 0.047276403486842006,
    "tire_fr_spindle_omega_radps": 0.045351651125478065,
    "tire_rl_spindle_omega_radps": 0.04506850819886565,
    "tire_rr_spindle_omega_radps": 0.04423998421426651
  }
}
{
  "epoch": 45,
  "timestamp_utc": "2026-06-13T00:20:28.937223+00:00",
  "train_loss": 0.0507184782307595,
  "val_loss": 0.05059606944007101,
  "val_rmse": {
    "vel_body_x_mps": 0.0006698856113065911,
    "vel_body_y_mps": 0.000715549763282461,
    "roll_rad": 1.086489765789125e-05,
    "pitch_rad": 3.7388485047489705e-06,
    "roll_rate_radps": 0.0012240402961312404,
    "ang_vel_body_y_radps": 0.0005466400092470856,
    "yaw_rate_radps": 0.0013158973950725562,
    "tire_fl_force_wheel_fz_n": 30.167151690389872,
    "tire_fr_force_wheel_fz_n": 30.99598482393813,
    "tire_rl_force_wheel_fz_n": 16.43323111055794,
    "tire_rr_force_wheel_fz_n": 15.133690384041365,
    "tire_fl_spindle_omega_radps": 0.04979860865484021,
    "tire_fr_spindle_omega_radps": 0.04836746341296925,
    "tire_rl_spindle_omega_radps": 0.0474736151823591,
    "tire_rr_spindle_omega_radps": 0.0458784619018356
  }
}
{
  "epoch": 46,
  "timestamp_utc": "2026-06-13T00:20:53.849737+00:00",
  "train_loss": 0.049699253185652194,
  "val_loss": 0.04908796018949943,
  "val_rmse": {
    "vel_body_x_mps": 0.0006420133476791584,
    "vel_body_y_mps": 0.0007164668470023457,
    "roll_rad": 1.0309107235710047e-05,
    "pitch_rad": 3.755842888284219e-06,
    "roll_rate_radps": 0.001202203534312902,
    "ang_vel_body_y_radps": 0.0005121886045490796,
    "yaw_rate_radps": 0.001305339916182719,
    "tire_fl_force_wheel_fz_n": 29.866896194765644,
    "tire_fr_force_wheel_fz_n": 30.864768259745645,
    "tire_rl_force_wheel_fz_n": 15.865274690987507,
    "tire_rr_force_wheel_fz_n": 15.250669776951137,
    "tire_fl_spindle_omega_radps": 0.049700812675793966,
    "tire_fr_spindle_omega_radps": 0.0508538062175218,
    "tire_rl_spindle_omega_radps": 0.048322750755241624,
    "tire_rr_spindle_omega_radps": 0.04621434928984151
  }
}
{
  "epoch": 47,
  "timestamp_utc": "2026-06-13T00:21:18.760061+00:00",
  "train_loss": 0.05103910685051233,
  "val_loss": 0.049644068396301005,
  "val_rmse": {
    "vel_body_x_mps": 0.0006754285400723313,
    "vel_body_y_mps": 0.0006546243189227626,
    "roll_rad": 1.0107235909101114e-05,
    "pitch_rad": 3.6604699769193766e-06,
    "roll_rate_radps": 0.0012046244506121128,
    "ang_vel_body_y_radps": 0.0005463128407916114,
    "yaw_rate_radps": 0.0013121035596510519,
    "tire_fl_force_wheel_fz_n": 29.936584042491674,
    "tire_fr_force_wheel_fz_n": 30.835386799161103,
    "tire_rl_force_wheel_fz_n": 16.269459777088866,
    "tire_rr_force_wheel_fz_n": 14.948700935161398,
    "tire_fl_spindle_omega_radps": 0.0481099826771956,
    "tire_fr_spindle_omega_radps": 0.04679096367598012,
    "tire_rl_spindle_omega_radps": 0.046272285935178806,
    "tire_rr_spindle_omega_radps": 0.04449776219255745
  }
}
{
  "epoch": 48,
  "timestamp_utc": "2026-06-13T00:21:43.662163+00:00",
  "train_loss": 0.04976240664627403,
  "val_loss": 0.04901995781227015,
  "val_rmse": {
    "vel_body_x_mps": 0.0006490767042267433,
    "vel_body_y_mps": 0.0006541287721984184,
    "roll_rad": 1.0351481703569124e-05,
    "pitch_rad": 3.6319904268673583e-06,
    "roll_rate_radps": 0.0012130070546295165,
    "ang_vel_body_y_radps": 0.0005233207987436939,
    "yaw_rate_radps": 0.0013057164391180936,
    "tire_fl_force_wheel_fz_n": 29.81638345280469,
    "tire_fr_force_wheel_fz_n": 30.760373233764934,
    "tire_rl_force_wheel_fz_n": 16.18788871327882,
    "tire_rr_force_wheel_fz_n": 14.841049737609708,
    "tire_fl_spindle_omega_radps": 0.04886565197339893,
    "tire_fr_spindle_omega_radps": 0.046415063342151786,
    "tire_rl_spindle_omega_radps": 0.046160669418847035,
    "tire_rr_spindle_omega_radps": 0.04416358590612242
  }
}
{
  "epoch": 49,
  "timestamp_utc": "2026-06-13T00:22:08.570287+00:00",
  "train_loss": 0.04975530098751187,
  "val_loss": 0.04890646069718059,
  "val_rmse": {
    "vel_body_x_mps": 0.0006565087230007842,
    "vel_body_y_mps": 0.0006552968904956042,
    "roll_rad": 9.462499545827777e-06,
    "pitch_rad": 3.4660727026840177e-06,
    "roll_rate_radps": 0.0011981868376137697,
    "ang_vel_body_y_radps": 0.0005163710189200782,
    "yaw_rate_radps": 0.0012730645683821562,
    "tire_fl_force_wheel_fz_n": 30.096058429584108,
    "tire_fr_force_wheel_fz_n": 31.028184369295804,
    "tire_rl_force_wheel_fz_n": 16.35922310242184,
    "tire_rr_force_wheel_fz_n": 14.732853403498893,
    "tire_fl_spindle_omega_radps": 0.04555619821009105,
    "tire_fr_spindle_omega_radps": 0.04482627376735122,
    "tire_rl_spindle_omega_radps": 0.04429110008049545,
    "tire_rr_spindle_omega_radps": 0.04323920069060129
  }
}
{
  "epoch": 50,
  "timestamp_utc": "2026-06-13T00:22:33.462035+00:00",
  "train_loss": 0.04912794350180775,
  "val_loss": 0.04879524791671429,
  "val_rmse": {
    "vel_body_x_mps": 0.0006310116873567295,
    "vel_body_y_mps": 0.0006735583160559205,
    "roll_rad": 9.151498507419197e-06,
    "pitch_rad": 3.383723830492187e-06,
    "roll_rate_radps": 0.0012066690744983364,
    "ang_vel_body_y_radps": 0.0005065713377018066,
    "yaw_rate_radps": 0.0012660050452506432,
    "tire_fl_force_wheel_fz_n": 30.268493162897222,
    "tire_fr_force_wheel_fz_n": 31.066586740804784,
    "tire_rl_force_wheel_fz_n": 15.943008708955187,
    "tire_rr_force_wheel_fz_n": 14.89537693427109,
    "tire_fl_spindle_omega_radps": 0.046193330664312714,
    "tire_fr_spindle_omega_radps": 0.044623762644329844,
    "tire_rl_spindle_omega_radps": 0.04420480586727564,
    "tire_rr_spindle_omega_radps": 0.043329506436326534
  }
}
{
  "epoch": 51,
  "timestamp_utc": "2026-06-13T00:22:58.222202+00:00",
  "train_loss": 0.04903396004997194,
  "val_loss": 0.047453226895304394,
  "val_rmse": {
    "vel_body_x_mps": 0.0006404482756364007,
    "vel_body_y_mps": 0.0006341358615273606,
    "roll_rad": 1.0740171879883797e-05,
    "pitch_rad": 3.4346318523405395e-06,
    "roll_rate_radps": 0.0011931480078718828,
    "ang_vel_body_y_radps": 0.0005115298025494442,
    "yaw_rate_radps": 0.0012659726230936366,
    "tire_fl_force_wheel_fz_n": 29.61117772007986,
    "tire_fr_force_wheel_fz_n": 30.51871243290383,
    "tire_rl_force_wheel_fz_n": 15.678825896063538,
    "tire_rr_force_wheel_fz_n": 14.593826793329743,
    "tire_fl_spindle_omega_radps": 0.046635456556940263,
    "tire_fr_spindle_omega_radps": 0.044213815144356516,
    "tire_rl_spindle_omega_radps": 0.04429943647742122,
    "tire_rr_spindle_omega_radps": 0.042476653461077304
  }
}
{
  "epoch": 52,
  "timestamp_utc": "2026-06-13T00:23:23.169138+00:00",
  "train_loss": 0.049548564651049676,
  "val_loss": 0.04851746906002518,
  "val_rmse": {
    "vel_body_x_mps": 0.0006525010173223999,
    "vel_body_y_mps": 0.0006739985146099998,
    "roll_rad": 1.020479182959123e-05,
    "pitch_rad": 3.4958337269534993e-06,
    "roll_rate_radps": 0.0011958953263251405,
    "ang_vel_body_y_radps": 0.0005167556791948364,
    "yaw_rate_radps": 0.001282614561300172,
    "tire_fl_force_wheel_fz_n": 30.125788153551653,
    "tire_fr_force_wheel_fz_n": 30.695094646749745,
    "tire_rl_force_wheel_fz_n": 15.991301423587027,
    "tire_rr_force_wheel_fz_n": 14.783383044159638,
    "tire_fl_spindle_omega_radps": 0.04662697931882806,
    "tire_fr_spindle_omega_radps": 0.044673660537506245,
    "tire_rl_spindle_omega_radps": 0.04480210323956614,
    "tire_rr_spindle_omega_radps": 0.04324599140570724
  }
}
{
  "epoch": 53,
  "timestamp_utc": "2026-06-13T00:23:48.076744+00:00",
  "train_loss": 0.049341826188378034,
  "val_loss": 0.048365240003622606,
  "val_rmse": {
    "vel_body_x_mps": 0.000641984668844811,
    "vel_body_y_mps": 0.0006414027442254566,
    "roll_rad": 1.1402415875100884e-05,
    "pitch_rad": 3.393540230507591e-06,
    "roll_rate_radps": 0.0012030259478063446,
    "ang_vel_body_y_radps": 0.0005164574806066284,
    "yaw_rate_radps": 0.0012793385676348613,
    "tire_fl_force_wheel_fz_n": 29.976133343664586,
    "tire_fr_force_wheel_fz_n": 30.573368535685606,
    "tire_rl_force_wheel_fz_n": 15.984042751405438,
    "tire_rr_force_wheel_fz_n": 14.745741494686747,
    "tire_fl_spindle_omega_radps": 0.046873610531157045,
    "tire_fr_spindle_omega_radps": 0.045647178513267515,
    "tire_rl_spindle_omega_radps": 0.044293247671178225,
    "tire_rr_spindle_omega_radps": 0.042576726699632306
  }
}
{
  "epoch": 54,
  "timestamp_utc": "2026-06-13T00:24:12.989348+00:00",
  "train_loss": 0.04879411486815661,
  "val_loss": 0.04794674747972749,
  "val_rmse": {
    "vel_body_x_mps": 0.0006140384599225906,
    "vel_body_y_mps": 0.0006230264862866678,
    "roll_rad": 1.0463210567253615e-05,
    "pitch_rad": 3.425153299870538e-06,
    "roll_rate_radps": 0.001203614732927249,
    "ang_vel_body_y_radps": 0.0005114915319988449,
    "yaw_rate_radps": 0.001310240670397175,
    "tire_fl_force_wheel_fz_n": 29.635122897260324,
    "tire_fr_force_wheel_fz_n": 30.719271315442178,
    "tire_rl_force_wheel_fz_n": 15.73147061996134,
    "tire_rr_force_wheel_fz_n": 14.682135794945395,
    "tire_fl_spindle_omega_radps": 0.045894587051576084,
    "tire_fr_spindle_omega_radps": 0.04483648562333829,
    "tire_rl_spindle_omega_radps": 0.04627258283445503,
    "tire_rr_spindle_omega_radps": 0.04474903342795979
  }
}
{
  "epoch": 55,
  "timestamp_utc": "2026-06-13T00:24:37.895615+00:00",
  "train_loss": 0.049231544624082746,
  "val_loss": 0.04734882579097757,
  "val_rmse": {
    "vel_body_x_mps": 0.0006117977708849494,
    "vel_body_y_mps": 0.0006411381684765367,
    "roll_rad": 9.952203971509215e-06,
    "pitch_rad": 3.365747976302693e-06,
    "roll_rate_radps": 0.0011985930061408762,
    "ang_vel_body_y_radps": 0.0005031642560168561,
    "yaw_rate_radps": 0.0012628760830502286,
    "tire_fl_force_wheel_fz_n": 29.548411952551277,
    "tire_fr_force_wheel_fz_n": 30.656208201660842,
    "tire_rl_force_wheel_fz_n": 15.763400432512158,
    "tire_rr_force_wheel_fz_n": 14.569612415011342,
    "tire_fl_spindle_omega_radps": 0.045375898909286436,
    "tire_fr_spindle_omega_radps": 0.04373344166789739,
    "tire_rl_spindle_omega_radps": 0.04286963410035937,
    "tire_rr_spindle_omega_radps": 0.041939464899574966
  }
}
{
  "epoch": 56,
  "timestamp_utc": "2026-06-13T00:25:02.843783+00:00",
  "train_loss": 0.048644661023281514,
  "val_loss": 0.048311384702392386,
  "val_rmse": {
    "vel_body_x_mps": 0.0006312852274249877,
    "vel_body_y_mps": 0.0006678607589860994,
    "roll_rad": 9.594475002711713e-06,
    "pitch_rad": 3.53700925637413e-06,
    "roll_rate_radps": 0.0012267762240252217,
    "ang_vel_body_y_radps": 0.0005054883300822541,
    "yaw_rate_radps": 0.0012659040768021777,
    "tire_fl_force_wheel_fz_n": 29.68858672170811,
    "tire_fr_force_wheel_fz_n": 30.950310021251287,
    "tire_rl_force_wheel_fz_n": 15.742433049788223,
    "tire_rr_force_wheel_fz_n": 14.811619269427656,
    "tire_fl_spindle_omega_radps": 0.04534479282818322,
    "tire_fr_spindle_omega_radps": 0.04436522889717676,
    "tire_rl_spindle_omega_radps": 0.04365732387411504,
    "tire_rr_spindle_omega_radps": 0.04310455006955112
  }
}
{
  "epoch": 57,
  "timestamp_utc": "2026-06-13T00:25:27.752822+00:00",
  "train_loss": 0.04831386558152735,
  "val_loss": 0.04755874491849681,
  "val_rmse": {
    "vel_body_x_mps": 0.0006117670083870375,
    "vel_body_y_mps": 0.0006119963210483742,
    "roll_rad": 9.0179594403256e-06,
    "pitch_rad": 3.1690663925396103e-06,
    "roll_rate_radps": 0.0011934567399773856,
    "ang_vel_body_y_radps": 0.000503568348709098,
    "yaw_rate_radps": 0.0012484310063345383,
    "tire_fl_force_wheel_fz_n": 30.015630861010717,
    "tire_fr_force_wheel_fz_n": 30.67611912747121,
    "tire_rl_force_wheel_fz_n": 15.683898362485404,
    "tire_rr_force_wheel_fz_n": 14.509877652546981,
    "tire_fl_spindle_omega_radps": 0.04610693721165429,
    "tire_fr_spindle_omega_radps": 0.04481973315034355,
    "tire_rl_spindle_omega_radps": 0.0441168200383079,
    "tire_rr_spindle_omega_radps": 0.04244225505046469
  }
}
{
  "epoch": 58,
  "timestamp_utc": "2026-06-13T00:25:52.665725+00:00",
  "train_loss": 0.04805147139821202,
  "val_loss": 0.046944146513123994,
  "val_rmse": {
    "vel_body_x_mps": 0.0006007619627399863,
    "vel_body_y_mps": 0.0006328528162843471,
    "roll_rad": 9.931637335788264e-06,
    "pitch_rad": 3.2764291216773063e-06,
    "roll_rate_radps": 0.001189397277128959,
    "ang_vel_body_y_radps": 0.000501376514555979,
    "yaw_rate_radps": 0.0012644949509883943,
    "tire_fl_force_wheel_fz_n": 29.476051413813998,
    "tire_fr_force_wheel_fz_n": 30.554536752702017,
    "tire_rl_force_wheel_fz_n": 15.663292126212044,
    "tire_rr_force_wheel_fz_n": 14.534801326315105,
    "tire_fl_spindle_omega_radps": 0.04493058832091928,
    "tire_fr_spindle_omega_radps": 0.04360669178243319,
    "tire_rl_spindle_omega_radps": 0.042904454878436846,
    "tire_rr_spindle_omega_radps": 0.04135265113664969
  }
}
{
  "epoch": 59,
  "timestamp_utc": "2026-06-13T00:26:17.342733+00:00",
  "train_loss": 0.04819664756208658,
  "val_loss": 0.046825169540243225,
  "val_rmse": {
    "vel_body_x_mps": 0.0006163578038964206,
    "vel_body_y_mps": 0.0006543318763552306,
    "roll_rad": 8.480204668168943e-06,
    "pitch_rad": 3.27290102849136e-06,
    "roll_rate_radps": 0.0011878542193142986,
    "ang_vel_body_y_radps": 0.0005053771059829179,
    "yaw_rate_radps": 0.001255156210196671,
    "tire_fl_force_wheel_fz_n": 29.530326122828715,
    "tire_fr_force_wheel_fz_n": 30.3329520116844,
    "tire_rl_force_wheel_fz_n": 15.605354237925276,
    "tire_rr_force_wheel_fz_n": 14.47451393072296,
    "tire_fl_spindle_omega_radps": 0.04510232048671648,
    "tire_fr_spindle_omega_radps": 0.0442760886917438,
    "tire_rl_spindle_omega_radps": 0.04366353710830803,
    "tire_rr_spindle_omega_radps": 0.041637709635240085
  }
}
{
  "epoch": 60,
  "timestamp_utc": "2026-06-13T00:26:41.981250+00:00",
  "train_loss": 0.048620072955265645,
  "val_loss": 0.04755075919354567,
  "val_rmse": {
    "vel_body_x_mps": 0.0006285422891703267,
    "vel_body_y_mps": 0.0006047880712440878,
    "roll_rad": 9.935926443767599e-06,
    "pitch_rad": 3.360296159765754e-06,
    "roll_rate_radps": 0.001200571312243765,
    "ang_vel_body_y_radps": 0.0005265386731257138,
    "yaw_rate_radps": 0.001257616533865115,
    "tire_fl_force_wheel_fz_n": 29.590549828170705,
    "tire_fr_force_wheel_fz_n": 30.410080038907417,
    "tire_rl_force_wheel_fz_n": 15.479262692302092,
    "tire_rr_force_wheel_fz_n": 14.519899322795203,
    "tire_fl_spindle_omega_radps": 0.04746855818250757,
    "tire_fr_spindle_omega_radps": 0.04460565626239526,
    "tire_rl_spindle_omega_radps": 0.04605553020591423,
    "tire_rr_spindle_omega_radps": 0.04324488217705099
  }
}
{
  "epoch": 61,
  "timestamp_utc": "2026-06-13T00:27:06.580194+00:00",
  "train_loss": 0.04792734612245113,
  "val_loss": 0.04694621137954527,
  "val_rmse": {
    "vel_body_x_mps": 0.0006065855945402654,
    "vel_body_y_mps": 0.0006435196224921684,
    "roll_rad": 9.133797894203195e-06,
    "pitch_rad": 3.2081479398029027e-06,
    "roll_rate_radps": 0.0011866832418726478,
    "ang_vel_body_y_radps": 0.0005006115416943016,
    "yaw_rate_radps": 0.0012596584092035535,
    "tire_fl_force_wheel_fz_n": 29.494620317858082,
    "tire_fr_force_wheel_fz_n": 30.430903502313395,
    "tire_rl_force_wheel_fz_n": 15.884644749114793,
    "tire_rr_force_wheel_fz_n": 14.52149464926135,
    "tire_fl_spindle_omega_radps": 0.044599513481718686,
    "tire_fr_spindle_omega_radps": 0.04367680825834681,
    "tire_rl_spindle_omega_radps": 0.042761622014402444,
    "tire_rr_spindle_omega_radps": 0.04158341608247273
  }
}
{
  "epoch": 62,
  "timestamp_utc": "2026-06-13T00:27:31.153571+00:00",
  "train_loss": 0.04740227799117565,
  "val_loss": 0.04653991303959629,
  "val_rmse": {
    "vel_body_x_mps": 0.0006240062886510246,
    "vel_body_y_mps": 0.0006475087069683637,
    "roll_rad": 8.137262226677225e-06,
    "pitch_rad": 3.135086423262915e-06,
    "roll_rate_radps": 0.0011835513605385267,
    "ang_vel_body_y_radps": 0.0005013554769736632,
    "yaw_rate_radps": 0.001244979536158676,
    "tire_fl_force_wheel_fz_n": 29.370208671415927,
    "tire_fr_force_wheel_fz_n": 30.262572563301834,
    "tire_rl_force_wheel_fz_n": 15.647566791598486,
    "tire_rr_force_wheel_fz_n": 14.55561162737104,
    "tire_fl_spindle_omega_radps": 0.04469186458264345,
    "tire_fr_spindle_omega_radps": 0.04297833578435013,
    "tire_rl_spindle_omega_radps": 0.04311511891933034,
    "tire_rr_spindle_omega_radps": 0.04131224002331377
  }
}
{
  "epoch": 63,
  "timestamp_utc": "2026-06-13T00:27:55.779172+00:00",
  "train_loss": 0.04729159282241017,
  "val_loss": 0.04655130098428344,
  "val_rmse": {
    "vel_body_x_mps": 0.0006051269343616848,
    "vel_body_y_mps": 0.000591074319058629,
    "roll_rad": 7.460982487335999e-06,
    "pitch_rad": 3.1396907235948896e-06,
    "roll_rate_radps": 0.0011848190628114788,
    "ang_vel_body_y_radps": 0.0004999530035011756,
    "yaw_rate_radps": 0.001248660739176359,
    "tire_fl_force_wheel_fz_n": 29.32736881746566,
    "tire_fr_force_wheel_fz_n": 30.4264360556382,
    "tire_rl_force_wheel_fz_n": 15.709552430227882,
    "tire_rr_force_wheel_fz_n": 14.460427716387494,
    "tire_fl_spindle_omega_radps": 0.044415619247252805,
    "tire_fr_spindle_omega_radps": 0.043184904188031295,
    "tire_rl_spindle_omega_radps": 0.043138603728839334,
    "tire_rr_spindle_omega_radps": 0.04144812525718148
  }
}
{
  "epoch": 64,
  "timestamp_utc": "2026-06-13T00:28:20.368648+00:00",
  "train_loss": 0.047512215892784294,
  "val_loss": 0.046384854612406344,
  "val_rmse": {
    "vel_body_x_mps": 0.0005957495527011676,
    "vel_body_y_mps": 0.0005828196451818625,
    "roll_rad": 7.6074383657206365e-06,
    "pitch_rad": 3.2794485143636655e-06,
    "roll_rate_radps": 0.0011882723343192864,
    "ang_vel_body_y_radps": 0.0005033018533757528,
    "yaw_rate_radps": 0.001238053228720869,
    "tire_fl_force_wheel_fz_n": 29.294511576422437,
    "tire_fr_force_wheel_fz_n": 30.24809546067154,
    "tire_rl_force_wheel_fz_n": 15.514616595072475,
    "tire_rr_force_wheel_fz_n": 14.474955107400225,
    "tire_fl_spindle_omega_radps": 0.044650039402711506,
    "tire_fr_spindle_omega_radps": 0.043627725783535236,
    "tire_rl_spindle_omega_radps": 0.04294899953888903,
    "tire_rr_spindle_omega_radps": 0.04153005173991147
  }
}
{
  "epoch": 65,
  "timestamp_utc": "2026-06-13T00:28:45.015491+00:00",
  "train_loss": 0.04733512418251485,
  "val_loss": 0.04639865671138978,
  "val_rmse": {
    "vel_body_x_mps": 0.0005943430803162976,
    "vel_body_y_mps": 0.0005809490126554447,
    "roll_rad": 8.134839878131708e-06,
    "pitch_rad": 3.123826364169521e-06,
    "roll_rate_radps": 0.001184722115063891,
    "ang_vel_body_y_radps": 0.0004987441729127611,
    "yaw_rate_radps": 0.0012362307114512038,
    "tire_fl_force_wheel_fz_n": 29.7550489433654,
    "tire_fr_force_wheel_fz_n": 30.13289871998667,
    "tire_rl_force_wheel_fz_n": 15.616830644828898,
    "tire_rr_force_wheel_fz_n": 14.305334769771475,
    "tire_fl_spindle_omega_radps": 0.04370972745766159,
    "tire_fr_spindle_omega_radps": 0.04285667517528171,
    "tire_rl_spindle_omega_radps": 0.041909291435978505,
    "tire_rr_spindle_omega_radps": 0.04066297727841641
  }
}
{
  "epoch": 66,
  "timestamp_utc": "2026-06-13T00:29:09.578043+00:00",
  "train_loss": 0.046285248503088953,
  "val_loss": 0.04634631467662984,
  "val_rmse": {
    "vel_body_x_mps": 0.0005972890671934899,
    "vel_body_y_mps": 0.000606020401722745,
    "roll_rad": 8.1421333772791e-06,
    "pitch_rad": 3.2024835020388592e-06,
    "roll_rate_radps": 0.001180439862284133,
    "ang_vel_body_y_radps": 0.0005039576233546814,
    "yaw_rate_radps": 0.0012348794903887142,
    "tire_fl_force_wheel_fz_n": 29.339482006717056,
    "tire_fr_force_wheel_fz_n": 30.200240783213104,
    "tire_rl_force_wheel_fz_n": 15.705014244189721,
    "tire_rr_force_wheel_fz_n": 14.354571226128048,
    "tire_fl_spindle_omega_radps": 0.04455111556096897,
    "tire_fr_spindle_omega_radps": 0.04366083949740503,
    "tire_rl_spindle_omega_radps": 0.043127329532872,
    "tire_rr_spindle_omega_radps": 0.041864786814995655
  }
}
{
  "epoch": 67,
  "timestamp_utc": "2026-06-13T00:29:34.389082+00:00",
  "train_loss": 0.047029555462300775,
  "val_loss": 0.04640301920793718,
  "val_rmse": {
    "vel_body_x_mps": 0.0005903226801324112,
    "vel_body_y_mps": 0.0005806628716266162,
    "roll_rad": 7.144935241461935e-06,
    "pitch_rad": 3.0847866889882826e-06,
    "roll_rate_radps": 0.0011908056554145836,
    "ang_vel_body_y_radps": 0.0005146034716360973,
    "yaw_rate_radps": 0.0012143128189101777,
    "tire_fl_force_wheel_fz_n": 29.144064408875906,
    "tire_fr_force_wheel_fz_n": 30.17168457765312,
    "tire_rl_force_wheel_fz_n": 15.492538468256356,
    "tire_rr_force_wheel_fz_n": 14.448842007195324,
    "tire_fl_spindle_omega_radps": 0.04562082238506922,
    "tire_fr_spindle_omega_radps": 0.04417949007548665,
    "tire_rl_spindle_omega_radps": 0.043583513335148934,
    "tire_rr_spindle_omega_radps": 0.04242918150893964
  }
}
{
  "epoch": 68,
  "timestamp_utc": "2026-06-13T00:29:59.249613+00:00",
  "train_loss": 0.04627349558658898,
  "val_loss": 0.04582064132060623,
  "val_rmse": {
    "vel_body_x_mps": 0.0005917698689696416,
    "vel_body_y_mps": 0.0005952990803323904,
    "roll_rad": 7.447946763380884e-06,
    "pitch_rad": 3.0675742567581363e-06,
    "roll_rate_radps": 0.001176437894435896,
    "ang_vel_body_y_radps": 0.000499282941296967,
    "yaw_rate_radps": 0.0012311256165204007,
    "tire_fl_force_wheel_fz_n": 29.11246425602718,
    "tire_fr_force_wheel_fz_n": 30.157573629316428,
    "tire_rl_force_wheel_fz_n": 15.56773212609292,
    "tire_rr_force_wheel_fz_n": 14.355861467078602,
    "tire_fl_spindle_omega_radps": 0.04362238185931352,
    "tire_fr_spindle_omega_radps": 0.042589079055257384,
    "tire_rl_spindle_omega_radps": 0.041927914701029995,
    "tire_rr_spindle_omega_radps": 0.040871882324616464
  }
}
{
  "epoch": 69,
  "timestamp_utc": "2026-06-13T00:30:24.178647+00:00",
  "train_loss": 0.04624729901086539,
  "val_loss": 0.04606832347024465,
  "val_rmse": {
    "vel_body_x_mps": 0.0005827294422447314,
    "vel_body_y_mps": 0.0005779749938068843,
    "roll_rad": 7.738753850605406e-06,
    "pitch_rad": 3.1494351939906884e-06,
    "roll_rate_radps": 0.0011888893442998098,
    "ang_vel_body_y_radps": 0.0004984698433256917,
    "yaw_rate_radps": 0.0012267314496444619,
    "tire_fl_force_wheel_fz_n": 29.21623368983319,
    "tire_fr_force_wheel_fz_n": 30.358622928164493,
    "tire_rl_force_wheel_fz_n": 15.455801623343035,
    "tire_rr_force_wheel_fz_n": 14.310125342525895,
    "tire_fl_spindle_omega_radps": 0.043907199157270906,
    "tire_fr_spindle_omega_radps": 0.04273187667267999,
    "tire_rl_spindle_omega_radps": 0.041926224375340215,
    "tire_rr_spindle_omega_radps": 0.0407455792811424
  }
}
{
  "epoch": 70,
  "timestamp_utc": "2026-06-13T00:30:49.043249+00:00",
  "train_loss": 0.045570890420116486,
  "val_loss": 0.04593162983044749,
  "val_rmse": {
    "vel_body_x_mps": 0.0005917586690021445,
    "vel_body_y_mps": 0.0006003191686343284,
    "roll_rad": 7.832495990515912e-06,
    "pitch_rad": 3.2037769899433364e-06,
    "roll_rate_radps": 0.0011734551198151347,
    "ang_vel_body_y_radps": 0.0005019374419567588,
    "yaw_rate_radps": 0.0012299422976210952,
    "tire_fl_force_wheel_fz_n": 29.20477557106529,
    "tire_fr_force_wheel_fz_n": 30.13724840752174,
    "tire_rl_force_wheel_fz_n": 15.636105285168199,
    "tire_rr_force_wheel_fz_n": 14.29568630233881,
    "tire_fl_spindle_omega_radps": 0.04402411167870311,
    "tire_fr_spindle_omega_radps": 0.04288797794177952,
    "tire_rl_spindle_omega_radps": 0.04277969822873884,
    "tire_rr_spindle_omega_radps": 0.04113018379368976
  }
}
{
  "epoch": 71,
  "timestamp_utc": "2026-06-13T00:31:13.932907+00:00",
  "train_loss": 0.04604595989920199,
  "val_loss": 0.0456146346317837,
  "val_rmse": {
    "vel_body_x_mps": 0.0005873902496992313,
    "vel_body_y_mps": 0.0005734973214754219,
    "roll_rad": 7.179650772457987e-06,
    "pitch_rad": 3.06788219743137e-06,
    "roll_rate_radps": 0.0011718530720798523,
    "ang_vel_body_y_radps": 0.0004972219318890546,
    "yaw_rate_radps": 0.001217321224143218,
    "tire_fl_force_wheel_fz_n": 29.296474032453048,
    "tire_fr_force_wheel_fz_n": 30.037675764797527,
    "tire_rl_force_wheel_fz_n": 15.525674949170373,
    "tire_rr_force_wheel_fz_n": 14.203606254221562,
    "tire_fl_spindle_omega_radps": 0.04347582204240358,
    "tire_fr_spindle_omega_radps": 0.042933169989475016,
    "tire_rl_spindle_omega_radps": 0.04215668913387881,
    "tire_rr_spindle_omega_radps": 0.04049527874027978
  }
}
{
  "epoch": 72,
  "timestamp_utc": "2026-06-13T00:31:38.583968+00:00",
  "train_loss": 0.04592996477149427,
  "val_loss": 0.04582857474510092,
  "val_rmse": {
    "vel_body_x_mps": 0.0005884317567544733,
    "vel_body_y_mps": 0.0005805694758453829,
    "roll_rad": 7.433880277351447e-06,
    "pitch_rad": 3.1293056818129335e-06,
    "roll_rate_radps": 0.0011717094361813573,
    "ang_vel_body_y_radps": 0.0004967390786099629,
    "yaw_rate_radps": 0.0012302976724884761,
    "tire_fl_force_wheel_fz_n": 29.35409893278958,
    "tire_fr_force_wheel_fz_n": 30.121500897728577,
    "tire_rl_force_wheel_fz_n": 15.49668885580963,
    "tire_rr_force_wheel_fz_n": 14.377450641636239,
    "tire_fl_spindle_omega_radps": 0.04330894302561755,
    "tire_fr_spindle_omega_radps": 0.04262267874399706,
    "tire_rl_spindle_omega_radps": 0.042151759351986416,
    "tire_rr_spindle_omega_radps": 0.040625173342904906
  }
}
{
  "epoch": 73,
  "timestamp_utc": "2026-06-13T00:32:03.167384+00:00",
  "train_loss": 0.04576543891616166,
  "val_loss": 0.04553473781823413,
  "val_rmse": {
    "vel_body_x_mps": 0.0005748984340333663,
    "vel_body_y_mps": 0.00057592315225466,
    "roll_rad": 7.293299284374824e-06,
    "pitch_rad": 3.032502743296728e-06,
    "roll_rate_radps": 0.001170331079124014,
    "ang_vel_body_y_radps": 0.0004956309969254818,
    "yaw_rate_radps": 0.0012186825962280689,
    "tire_fl_force_wheel_fz_n": 29.1253050703026,
    "tire_fr_force_wheel_fz_n": 30.1170599489591,
    "tire_rl_force_wheel_fz_n": 15.502098780713483,
    "tire_rr_force_wheel_fz_n": 14.312642460076587,
    "tire_fl_spindle_omega_radps": 0.04373096937910186,
    "tire_fr_spindle_omega_radps": 0.04242170423101655,
    "tire_rl_spindle_omega_radps": 0.04188878988452701,
    "tire_rr_spindle_omega_radps": 0.04056606375327219
  }
}
{
  "epoch": 74,
  "timestamp_utc": "2026-06-13T00:32:27.797645+00:00",
  "train_loss": 0.045345515387132766,
  "val_loss": 0.04532303515792591,
  "val_rmse": {
    "vel_body_x_mps": 0.0005761200048418003,
    "vel_body_y_mps": 0.0005608455339719057,
    "roll_rad": 7.75747048296736e-06,
    "pitch_rad": 3.128849931305382e-06,
    "roll_rate_radps": 0.0011651758212228018,
    "ang_vel_body_y_radps": 0.0004985251360469944,
    "yaw_rate_radps": 0.0012193069152258505,
    "tire_fl_force_wheel_fz_n": 29.078150469703733,
    "tire_fr_force_wheel_fz_n": 29.911499916794796,
    "tire_rl_force_wheel_fz_n": 15.491993154209924,
    "tire_rr_force_wheel_fz_n": 14.269364448447556,
    "tire_fl_spindle_omega_radps": 0.04332471543893113,
    "tire_fr_spindle_omega_radps": 0.04268367231486901,
    "tire_rl_spindle_omega_radps": 0.04205059440162967,
    "tire_rr_spindle_omega_radps": 0.0407778915584762
  }
}
{
  "epoch": 75,
  "timestamp_utc": "2026-06-13T00:32:52.425133+00:00",
  "train_loss": 0.0454255498573184,
  "val_loss": 0.045756543097522806,
  "val_rmse": {
    "vel_body_x_mps": 0.0005836664135019974,
    "vel_body_y_mps": 0.0005740788193240697,
    "roll_rad": 7.644637345765897e-06,
    "pitch_rad": 3.0816630650776046e-06,
    "roll_rate_radps": 0.0011743700264832144,
    "ang_vel_body_y_radps": 0.0004975211338599649,
    "yaw_rate_radps": 0.0012206190638877476,
    "tire_fl_force_wheel_fz_n": 29.396076998823844,
    "tire_fr_force_wheel_fz_n": 29.987897849455067,
    "tire_rl_force_wheel_fz_n": 15.599750552796507,
    "tire_rr_force_wheel_fz_n": 14.230340147607503,
    "tire_fl_spindle_omega_radps": 0.043454525667826926,
    "tire_fr_spindle_omega_radps": 0.04229974168674264,
    "tire_rl_spindle_omega_radps": 0.04240302328593595,
    "tire_rr_spindle_omega_radps": 0.040553778212261
  }
}
{
  "epoch": 76,
  "timestamp_utc": "2026-06-13T00:33:17.303278+00:00",
  "train_loss": 0.04521126721426844,
  "val_loss": 0.045574186029552946,
  "val_rmse": {
    "vel_body_x_mps": 0.000583270204583414,
    "vel_body_y_mps": 0.000576259377917733,
    "roll_rad": 7.5617696985212236e-06,
    "pitch_rad": 3.210884407948007e-06,
    "roll_rate_radps": 0.0011716427719708628,
    "ang_vel_body_y_radps": 0.0004960467591682355,
    "yaw_rate_radps": 0.001218712453306437,
    "tire_fl_force_wheel_fz_n": 29.11456545090965,
    "tire_fr_force_wheel_fz_n": 30.053549237989046,
    "tire_rl_force_wheel_fz_n": 15.537969844447474,
    "tire_rr_force_wheel_fz_n": 14.33050588297165,
    "tire_fl_spindle_omega_radps": 0.043535547684639235,
    "tire_fr_spindle_omega_radps": 0.042547072646625675,
    "tire_rl_spindle_omega_radps": 0.04211130142205165,
    "tire_rr_spindle_omega_radps": 0.04068524683651546
  }
}
{
  "epoch": 77,
  "timestamp_utc": "2026-06-13T00:33:42.176113+00:00",
  "train_loss": 0.04536118188686669,
  "val_loss": 0.04541817357734544,
  "val_rmse": {
    "vel_body_x_mps": 0.0005761446026900722,
    "vel_body_y_mps": 0.0005619793402687682,
    "roll_rad": 7.270361673490961e-06,
    "pitch_rad": 3.0310073592489425e-06,
    "roll_rate_radps": 0.001168746789786254,
    "ang_vel_body_y_radps": 0.0004952533693233669,
    "yaw_rate_radps": 0.0012158628209112477,
    "tire_fl_force_wheel_fz_n": 29.151810156038128,
    "tire_fr_force_wheel_fz_n": 30.094275226426436,
    "tire_rl_force_wheel_fz_n": 15.417544287479876,
    "tire_rr_force_wheel_fz_n": 14.284625278667944,
    "tire_fl_spindle_omega_radps": 0.043260393527186324,
    "tire_fr_spindle_omega_radps": 0.04254694590761965,
    "tire_rl_spindle_omega_radps": 0.041716502566205814,
    "tire_rr_spindle_omega_radps": 0.04043937215354375
  }
}
{
  "epoch": 78,
  "timestamp_utc": "2026-06-13T00:34:07.051705+00:00",
  "train_loss": 0.045068009060807525,
  "val_loss": 0.045358688195701685,
  "val_rmse": {
    "vel_body_x_mps": 0.0005709976268189811,
    "vel_body_y_mps": 0.000568591998188409,
    "roll_rad": 7.316288996653837e-06,
    "pitch_rad": 2.9820313355232176e-06,
    "roll_rate_radps": 0.0011662187010220474,
    "ang_vel_body_y_radps": 0.0004954277539566986,
    "yaw_rate_radps": 0.001225909171871666,
    "tire_fl_force_wheel_fz_n": 29.129300520731288,
    "tire_fr_force_wheel_fz_n": 30.038023020008325,
    "tire_rl_force_wheel_fz_n": 15.467416148620483,
    "tire_rr_force_wheel_fz_n": 14.263365001843153,
    "tire_fl_spindle_omega_radps": 0.043474027048986535,
    "tire_fr_spindle_omega_radps": 0.04227572045807225,
    "tire_rl_spindle_omega_radps": 0.041635065361884084,
    "tire_rr_spindle_omega_radps": 0.04023505914385976
  }
}
{
  "epoch": 79,
  "timestamp_utc": "2026-06-13T00:34:31.905454+00:00",
  "train_loss": 0.045266921660862866,
  "val_loss": 0.04550391160300933,
  "val_rmse": {
    "vel_body_x_mps": 0.0005747740253574059,
    "vel_body_y_mps": 0.0005824491999268994,
    "roll_rad": 7.460458266728598e-06,
    "pitch_rad": 3.002682953256954e-06,
    "roll_rate_radps": 0.0011745167004254225,
    "ang_vel_body_y_radps": 0.0004985202419545473,
    "yaw_rate_radps": 0.0012052374864486878,
    "tire_fl_force_wheel_fz_n": 29.232845977318725,
    "tire_fr_force_wheel_fz_n": 30.072506976629853,
    "tire_rl_force_wheel_fz_n": 15.356325729549797,
    "tire_rr_force_wheel_fz_n": 14.240456046750658,
    "tire_fl_spindle_omega_radps": 0.04338210814973522,
    "tire_fr_spindle_omega_radps": 0.042235599244211164,
    "tire_rl_spindle_omega_radps": 0.04184892379408963,
    "tire_rr_spindle_omega_radps": 0.040468313725023054
  }
}
{
  "epoch": 80,
  "timestamp_utc": "2026-06-13T00:34:56.764117+00:00",
  "train_loss": 0.04536869743093848,
  "val_loss": 0.04512705000233837,
  "val_rmse": {
    "vel_body_x_mps": 0.0005897156596368457,
    "vel_body_y_mps": 0.0005795799178511997,
    "roll_rad": 8.15010010699454e-06,
    "pitch_rad": 3.0083477078289014e-06,
    "roll_rate_radps": 0.0011651262404351107,
    "ang_vel_body_y_radps": 0.0004964269015728997,
    "yaw_rate_radps": 0.0012134897487535814,
    "tire_fl_force_wheel_fz_n": 28.985215730755943,
    "tire_fr_force_wheel_fz_n": 29.997181722505697,
    "tire_rl_force_wheel_fz_n": 15.31540125769246,
    "tire_rr_force_wheel_fz_n": 14.227832142266427,
    "tire_fl_spindle_omega_radps": 0.043595451569393935,
    "tire_fr_spindle_omega_radps": 0.04276130531492968,
    "tire_rl_spindle_omega_radps": 0.0417941077007688,
    "tire_rr_spindle_omega_radps": 0.040017975741548854
  }
}
training completed; last checkpoint: /home/harry/NeDM/artifacts/training_runs/hmmwv_transformer_v07_tire_normal_force_omega_300g/checkpoints/last.pt
[2026-06-12T19:34:57-05:00] training completed
