[2026-05-24T19:33:14-05:00] activating conda environment
[2026-05-24T19:33:14-05:00] building processed dataset cache at artifacts/training_datasets/hmmwv_turn_300g_plus_base_seq_v1
[2026-05-24T19:33:14-05:00] raw roots: 2 base roots + 82 generated shards
wrote processed dataset to /home/harry/NeDM/artifacts/training_datasets/hmmwv_turn_300g_plus_base_seq_v1 with 329016328 train transitions and 80680977 val transitions
[2026-05-24T20:18:57-05:00] training v3 model with configs/hmmwv_transformer_v3_turn_300g.json
{
  "epoch": 1,
  "timestamp_utc": "2026-05-25T01:20:33.252829+00:00",
  "train_loss": 0.14827697922103106,
  "val_loss": 0.10745787317457144,
  "val_rmse": {
    "vel_body_x_mps": 0.0021400454183276626,
    "vel_body_y_mps": 0.0012690130745758458,
    "roll_rad": 2.3859240217752326e-05,
    "pitch_rad": 1.1919613627436619e-05,
    "roll_rate_radps": 0.0015023551727919658,
    "ang_vel_body_y_radps": 0.001219546307431473,
    "yaw_rate_radps": 0.0027509406896041567
  },
  "rollout_1.0s": {
    "state_rmse": {
      "vel_body_x_mps": 0.025855772366767584,
      "vel_body_y_mps": 0.019771809077006017,
      "roll_rad": 0.00027999923607596684,
      "pitch_rad": 0.0005404171143066609,
      "roll_rate_radps": 0.0018561197548595525,
      "ang_vel_body_y_radps": 0.004158472529411858,
      "yaw_rate_radps": 0.005656892645526932
    },
    "xy_rmse_m": 0.009795752851313696,
    "yaw_rmse_rad": 0.0018632221768059988,
    "episodes": 24
  },
  "rollout_2.0s": {
    "state_rmse": {
      "vel_body_x_mps": 0.4679375054559545,
      "vel_body_y_mps": 0.04685157008195139,
      "roll_rad": 0.0023373321722710374,
      "pitch_rad": 0.003669950654415463,
      "roll_rate_radps": 0.008094571605369024,
      "ang_vel_body_y_radps": 0.010967741669607721,
      "yaw_rate_radps": 0.03122609436703902
    },
    "xy_rmse_m": 0.16104795456354173,
    "yaw_rmse_rad": 0.011531741380326001,
    "episodes": 24
  },
  "rollout_5.0s": {
    "state_rmse": {
      "vel_body_x_mps": 1.3427601457675478,
      "vel_body_y_mps": 0.1652350718646614,
      "roll_rad": 0.004798179972311097,
      "pitch_rad": 0.005280612259894184,
      "roll_rate_radps": 0.049582771894366925,
      "ang_vel_body_y_radps": 0.017791782843684982,
      "yaw_rate_radps": 0.09254017622172701
    },
    "xy_rmse_m": 2.6386900144716376,
    "yaw_rmse_rad": 0.16216779436024506,
    "episodes": 24
  }
}
{
  "epoch": 2,
  "timestamp_utc": "2026-05-25T01:21:16.057222+00:00",
  "train_loss": 0.07530472310259938,
  "val_loss": 0.09341681377845816,
  "val_rmse": {
    "vel_body_x_mps": 0.0018149535289366779,
    "vel_body_y_mps": 0.001321611057414564,
    "roll_rad": 1.984632749118405e-05,
    "pitch_rad": 1.0098022118952248e-05,
    "roll_rate_radps": 0.0014194948245411332,
    "ang_vel_body_y_radps": 0.0011451538808599634,
    "yaw_rate_radps": 0.0026264369727050526
  },
  "rollout_1.0s": {
    "state_rmse": {
      "vel_body_x_mps": 0.026948367539192792,
      "vel_body_y_mps": 0.009551781894558057,
      "roll_rad": 0.0006827866728243652,
      "pitch_rad": 0.00020408313666737352,
      "roll_rate_radps": 0.0026231323600801534,
      "ang_vel_body_y_radps": 0.000512586284703092,
      "yaw_rate_radps": 0.010730715108708253
    },
    "xy_rmse_m": 0.010742084455718367,
    "yaw_rmse_rad": 0.004754791098682672,
    "episodes": 24
  },
  "rollout_2.0s": {
    "state_rmse": {
      "vel_body_x_mps": 0.153460923098763,
      "vel_body_y_mps": 0.023392463451745785,
      "roll_rad": 0.0012484372157154418,
      "pitch_rad": 0.0012366471946701403,
      "roll_rate_radps": 0.004205904405842291,
      "ang_vel_body_y_radps": 0.0033961531256656227,
      "yaw_rate_radps": 0.016445400717351247
    },
    "xy_rmse_m": 0.06211274561992832,
    "yaw_rmse_rad": 0.012238969137765886,
    "episodes": 24
  },
  "rollout_5.0s": {
    "state_rmse": {
      "vel_body_x_mps": 0.6450775702847832,
      "vel_body_y_mps": 0.09426171546735686,
      "roll_rad": 0.002691032565557061,
      "pitch_rad": 0.0029350436362430947,
      "roll_rate_radps": 0.0191052037625017,
      "ang_vel_body_y_radps": 0.012944584885263084,
      "yaw_rate_radps": 0.04251346464251617
    },
    "xy_rmse_m": 0.9838696934592409,
    "yaw_rmse_rad": 0.03967833572433989,
    "episodes": 24
  }
}
{
  "epoch": 3,
  "timestamp_utc": "2026-05-25T01:21:59.211760+00:00",
  "train_loss": 0.0679704606346786,
  "val_loss": 0.0903414637921378,
  "val_rmse": {
    "vel_body_x_mps": 0.0015416544476242826,
    "vel_body_y_mps": 0.0009189582403411157,
    "roll_rad": 1.9995683389719658e-05,
    "pitch_rad": 9.522535129286823e-06,
    "roll_rate_radps": 0.0014766046602271623,
    "ang_vel_body_y_radps": 0.0011366896891718192,
    "yaw_rate_radps": 0.002370481637237955
  },
  "rollout_1.0s": {
    "state_rmse": {
      "vel_body_x_mps": 0.0083671267287662,
      "vel_body_y_mps": 0.01961126107730377,
      "roll_rad": 0.00018077785993152106,
      "pitch_rad": 0.00017407974401228114,
      "roll_rate_radps": 0.001730298317910606,
      "ang_vel_body_y_radps": 0.001526730352510187,
      "yaw_rate_radps": 0.0011897213557882937
    },
    "xy_rmse_m": 0.008533187893118797,
    "yaw_rmse_rad": 0.00036586348732113436,
    "episodes": 24
  },
  "rollout_2.0s": {
    "state_rmse": {
      "vel_body_x_mps": 0.0714787447993001,
      "vel_body_y_mps": 0.03498767366797778,
      "roll_rad": 0.0006070488144280454,
      "pitch_rad": 0.0005480030877637278,
      "roll_rate_radps": 0.0027416101815557967,
      "ang_vel_body_y_radps": 0.00216230576356708,
      "yaw_rate_radps": 0.008285033351788477
    },
    "xy_rmse_m": 0.03637276102612716,
    "yaw_rmse_rad": 0.0033063269278622957,
    "episodes": 24
  },
  "rollout_5.0s": {
    "state_rmse": {
      "vel_body_x_mps": 0.4391426627761025,
      "vel_body_y_mps": 0.10568909184696883,
      "roll_rad": 0.0018127063792509586,
      "pitch_rad": 0.0018296428694709167,
      "roll_rate_radps": 0.009064378563075706,
      "ang_vel_body_y_radps": 0.009972874680762796,
      "yaw_rate_radps": 0.04777231289446271
    },
    "xy_rmse_m": 0.5822656313330902,
    "yaw_rmse_rad": 0.06403023058245969,
    "episodes": 24
  }
}
{
  "epoch": 4,
  "timestamp_utc": "2026-05-25T01:22:41.213749+00:00",
  "train_loss": 0.06344904916733503,
  "val_loss": 0.07627437844144878,
  "val_rmse": {
    "vel_body_x_mps": 0.0015495916884684523,
    "vel_body_y_mps": 0.0008341926558590014,
    "roll_rad": 1.632298283737883e-05,
    "pitch_rad": 8.394853410688237e-06,
    "roll_rate_radps": 0.0013429640542904288,
    "ang_vel_body_y_radps": 0.0010492268869010772,
    "yaw_rate_radps": 0.00213289368009999
  },
  "rollout_1.0s": {
    "state_rmse": {
      "vel_body_x_mps": 0.013851497579284567,
      "vel_body_y_mps": 0.00929262593850508,
      "roll_rad": 0.000622231249916359,
      "pitch_rad": 9.815736986074717e-05,
      "roll_rate_radps": 0.003139742027177729,
      "ang_vel_body_y_radps": 0.0015747572073193602,
      "yaw_rate_radps": 0.006074257864543778
    },
    "xy_rmse_m": 0.005452929891080206,
    "yaw_rmse_rad": 0.0029636857046211953,
    "episodes": 24
  },
  "rollout_2.0s": {
    "state_rmse": {
      "vel_body_x_mps": 0.10400118731734045,
      "vel_body_y_mps": 0.03070173747030996,
      "roll_rad": 0.0011198393706144277,
      "pitch_rad": 0.0005383301974581711,
      "roll_rate_radps": 0.003402388298935256,
      "ang_vel_body_y_radps": 0.0024629033249555458,
      "yaw_rate_radps": 0.013132792153082436
    },
    "xy_rmse_m": 0.042189395799028806,
    "yaw_rmse_rad": 0.006840083459426589,
    "episodes": 24
  },
  "rollout_5.0s": {
    "state_rmse": {
      "vel_body_x_mps": 0.4885381534452805,
      "vel_body_y_mps": 0.07022940523155063,
      "roll_rad": 0.00202348141567147,
      "pitch_rad": 0.0019032134778245622,
      "roll_rate_radps": 0.010142955982875384,
      "ang_vel_body_y_radps": 0.010133033537079138,
      "yaw_rate_radps": 0.04275139994308916
    },
    "xy_rmse_m": 0.757484963228991,
    "yaw_rmse_rad": 0.06325965344313275,
    "episodes": 24
  }
}
{
  "epoch": 5,
  "timestamp_utc": "2026-05-25T01:23:24.906846+00:00",
  "train_loss": 0.060054182180203496,
  "val_loss": 0.07381707367007039,
  "val_rmse": {
    "vel_body_x_mps": 0.001432323278422699,
    "vel_body_y_mps": 0.000880316174343837,
    "roll_rad": 2.1052387549939295e-05,
    "pitch_rad": 7.670730470821181e-06,
    "roll_rate_radps": 0.0013234980249278974,
    "ang_vel_body_y_radps": 0.00103441120345074,
    "yaw_rate_radps": 0.0021283934356975485
  },
  "rollout_1.0s": {
    "state_rmse": {
      "vel_body_x_mps": 0.010088948198304694,
      "vel_body_y_mps": 0.007431137028220416,
      "roll_rad": 0.0003153237785056389,
      "pitch_rad": 3.307954095043769e-05,
      "roll_rate_radps": 0.0028985622526248654,
      "ang_vel_body_y_radps": 0.0008772153398979276,
      "yaw_rate_radps": 0.003098971480893188
    },
    "xy_rmse_m": 0.0045181974795082454,
    "yaw_rmse_rad": 0.0011489693719299989,
    "episodes": 24
  },
  "rollout_2.0s": {
    "state_rmse": {
      "vel_body_x_mps": 0.055843621653819106,
      "vel_body_y_mps": 0.012952105825787878,
      "roll_rad": 0.0008353561602223424,
      "pitch_rad": 0.00033349960724980997,
      "roll_rate_radps": 0.004717002089965383,
      "ang_vel_body_y_radps": 0.0018830715002427154,
      "yaw_rate_radps": 0.00994701976831661
    },
    "xy_rmse_m": 0.02216855438196875,
    "yaw_rmse_rad": 0.0055728806442188646,
    "episodes": 24
  },
  "rollout_5.0s": {
    "state_rmse": {
      "vel_body_x_mps": 0.551823564276706,
      "vel_body_y_mps": 0.055448019716369035,
      "roll_rad": 0.0014953199534141844,
      "pitch_rad": 0.0016045218074156216,
      "roll_rate_radps": 0.009524882109751836,
      "ang_vel_body_y_radps": 0.009718874727341072,
      "yaw_rate_radps": 0.03661010106722554
    },
    "xy_rmse_m": 0.7288412411979192,
    "yaw_rmse_rad": 0.03933280919205107,
    "episodes": 24
  }
}
{
  "epoch": 6,
  "timestamp_utc": "2026-05-25T01:24:06.910847+00:00",
  "train_loss": 0.05772955632209778,
  "val_loss": 0.06797048041189555,
  "val_rmse": {
    "vel_body_x_mps": 0.001343232153868351,
    "vel_body_y_mps": 0.0008305062782338464,
    "roll_rad": 1.4391031168825965e-05,
    "pitch_rad": 7.5982535505864645e-06,
    "roll_rate_radps": 0.0012888621572141978,
    "ang_vel_body_y_radps": 0.0009972312169411585,
    "yaw_rate_radps": 0.0019483401677307824
  },
  "rollout_1.0s": {
    "state_rmse": {
      "vel_body_x_mps": 0.009007685451685503,
      "vel_body_y_mps": 0.0038753927864547586,
      "roll_rad": 7.293556073670608e-05,
      "pitch_rad": 5.6342280210801906e-05,
      "roll_rate_radps": 0.001322527984084099,
      "ang_vel_body_y_radps": 0.00035562115467990796,
      "yaw_rate_radps": 0.005374454748075506
    },
    "xy_rmse_m": 0.0032201906359186575,
    "yaw_rmse_rad": 0.0022848759181891424,
    "episodes": 24
  },
  "rollout_2.0s": {
    "state_rmse": {
      "vel_body_x_mps": 0.07699540356720919,
      "vel_body_y_mps": 0.008429549136239393,
      "roll_rad": 0.0004984137331774148,
      "pitch_rad": 0.0004967113544620548,
      "roll_rate_radps": 0.003363717559350408,
      "ang_vel_body_y_radps": 0.0020651976253122867,
      "yaw_rate_radps": 0.009079471873974997
    },
    "xy_rmse_m": 0.02525323576406213,
    "yaw_rmse_rad": 0.007458355844295579,
    "episodes": 24
  },
  "rollout_5.0s": {
    "state_rmse": {
      "vel_body_x_mps": 0.5869800869771743,
      "vel_body_y_mps": 0.03838770361528101,
      "roll_rad": 0.0014377990319766236,
      "pitch_rad": 0.0019139087960010277,
      "roll_rate_radps": 0.00933742039982663,
      "ang_vel_body_y_radps": 0.010078378704910854,
      "yaw_rate_radps": 0.02458929564122942
    },
    "xy_rmse_m": 0.8160243273572778,
    "yaw_rmse_rad": 0.03243549962140911,
    "episodes": 24
  }
}
{
  "epoch": 7,
  "timestamp_utc": "2026-05-25T01:24:50.051858+00:00",
  "train_loss": 0.05587397535610944,
  "val_loss": 0.07338200640748255,
  "val_rmse": {
    "vel_body_x_mps": 0.0015743648453794353,
    "vel_body_y_mps": 0.0007595377767133205,
    "roll_rad": 1.3399774970907315e-05,
    "pitch_rad": 8.09551527420625e-06,
    "roll_rate_radps": 0.0012972766760308257,
    "ang_vel_body_y_radps": 0.0010445946845724957,
    "yaw_rate_radps": 0.0019982105860114102
  },
  "rollout_1.0s": {
    "state_rmse": {
      "vel_body_x_mps": 0.008731288100737526,
      "vel_body_y_mps": 0.0030377761413099805,
      "roll_rad": 0.00011655028104922662,
      "pitch_rad": 5.818692826587807e-05,
      "roll_rate_radps": 0.0015121161839543773,
      "ang_vel_body_y_radps": 0.00033273685766606185,
      "yaw_rate_radps": 0.0034907678690331155
    },
    "xy_rmse_m": 0.00265880590618625,
    "yaw_rmse_rad": 0.0014794442570320748,
    "episodes": 24
  },
  "rollout_2.0s": {
    "state_rmse": {
      "vel_body_x_mps": 0.06286574665379605,
      "vel_body_y_mps": 0.009712276213849147,
      "roll_rad": 0.000332185740310107,
      "pitch_rad": 0.0002093817010300792,
      "roll_rate_radps": 0.0025534511023303542,
      "ang_vel_body_y_radps": 0.001137763195102747,
      "yaw_rate_radps": 0.006063239997632218
    },
    "xy_rmse_m": 0.028440401328186815,
    "yaw_rmse_rad": 0.004253113581018556,
    "episodes": 24
  },
  "rollout_5.0s": {
    "state_rmse": {
      "vel_body_x_mps": 0.2955082340409759,
      "vel_body_y_mps": 0.040722609328586734,
      "roll_rad": 0.0014639118656852054,
      "pitch_rad": 0.001084639960021348,
      "roll_rate_radps": 0.008603276863476427,
      "ang_vel_body_y_radps": 0.009469112580186562,
      "yaw_rate_radps": 0.0286854073706424
    },
    "xy_rmse_m": 0.24657760907227091,
    "yaw_rmse_rad": 0.033069394882647984,
    "episodes": 24
  }
}
{
  "epoch": 8,
  "timestamp_utc": "2026-05-25T01:25:32.038412+00:00",
  "train_loss": 0.05265227518510073,
  "val_loss": 0.06837997954935418,
  "val_rmse": {
    "vel_body_x_mps": 0.0012468112493537154,
    "vel_body_y_mps": 0.0007432061865391619,
    "roll_rad": 1.2932183857149151e-05,
    "pitch_rad": 7.439379184422181e-06,
    "roll_rate_radps": 0.0013026943710355253,
    "ang_vel_body_y_radps": 0.0010159133183058363,
    "yaw_rate_radps": 0.0018184879502443328
  },
  "rollout_1.0s": {
    "state_rmse": {
      "vel_body_x_mps": 0.0034966809319097493,
      "vel_body_y_mps": 0.0038543879556727605,
      "roll_rad": 0.00010789615274519476,
      "pitch_rad": 5.6910033964815514e-05,
      "roll_rate_radps": 0.0011274040927096,
      "ang_vel_body_y_radps": 0.00030343733257570053,
      "yaw_rate_radps": 0.002788391966938098
    },
    "xy_rmse_m": 0.0017405190469343967,
    "yaw_rmse_rad": 0.0008496524534177941,
    "episodes": 24
  },
  "rollout_2.0s": {
    "state_rmse": {
      "vel_body_x_mps": 0.09864110598605039,
      "vel_body_y_mps": 0.010538818772224411,
      "roll_rad": 0.0006485017994884419,
      "pitch_rad": 0.0004609503374050919,
      "roll_rate_radps": 0.0032677372739628513,
      "ang_vel_body_y_radps": 0.0017931627344930604,
      "yaw_rate_radps": 0.007605234744164389
    },
    "xy_rmse_m": 0.03015813233597389,
    "yaw_rmse_rad": 0.004447129238521327,
    "episodes": 24
  },
  "rollout_5.0s": {
    "state_rmse": {
      "vel_body_x_mps": 0.5432738977036603,
      "vel_body_y_mps": 0.042851715212225,
      "roll_rad": 0.0017269971720644873,
      "pitch_rad": 0.0013686645996866757,
      "roll_rate_radps": 0.00923378084512301,
      "ang_vel_body_y_radps": 0.00995782861929218,
      "yaw_rate_radps": 0.0290717731144091
    },
    "xy_rmse_m": 0.7845688722898132,
    "yaw_rmse_rad": 0.03116258080563322,
    "episodes": 24
  }
}
{
  "epoch": 9,
  "timestamp_utc": "2026-05-25T01:26:13.862624+00:00",
  "train_loss": 0.05295015800651163,
  "val_loss": 0.06566678516217507,
  "val_rmse": {
    "vel_body_x_mps": 0.0012437942425589591,
    "vel_body_y_mps": 0.0007856098017212825,
    "roll_rad": 1.3118787916423973e-05,
    "pitch_rad": 7.309381103127925e-06,
    "roll_rate_radps": 0.0012433593751536587,
    "ang_vel_body_y_radps": 0.0009793615453850585,
    "yaw_rate_radps": 0.002114575574558446
  },
  "rollout_1.0s": {
    "state_rmse": {
      "vel_body_x_mps": 0.0056039938771774486,
      "vel_body_y_mps": 0.008196439633109925,
      "roll_rad": 0.0001258612823691302,
      "pitch_rad": 7.760281547244366e-05,
      "roll_rate_radps": 0.00041352576267219345,
      "ang_vel_body_y_radps": 0.00038106165606694483,
      "yaw_rate_radps": 0.0024336167435311793
    },
    "xy_rmse_m": 0.0036464218395712298,
    "yaw_rmse_rad": 0.0009065207093324637,
    "episodes": 24
  },
  "rollout_2.0s": {
    "state_rmse": {
      "vel_body_x_mps": 0.05569751373298559,
      "vel_body_y_mps": 0.017206151012045763,
      "roll_rad": 0.0004874090898822889,
      "pitch_rad": 0.0003719971905260444,
      "roll_rate_radps": 0.0019006572891182756,
      "ang_vel_body_y_radps": 0.0015250691222136357,
      "yaw_rate_radps": 0.009326682169898268
    },
    "xy_rmse_m": 0.021977504248380682,
    "yaw_rmse_rad": 0.0043869951625244265,
    "episodes": 24
  },
  "rollout_5.0s": {
    "state_rmse": {
      "vel_body_x_mps": 0.46114207772115184,
      "vel_body_y_mps": 0.05034343187727719,
      "roll_rad": 0.001913680784659417,
      "pitch_rad": 0.0015450009178460808,
      "roll_rate_radps": 0.009080941254911396,
      "ang_vel_body_y_radps": 0.009849079857124498,
      "yaw_rate_radps": 0.036063444639261
    },
    "xy_rmse_m": 0.5707969576900915,
    "yaw_rmse_rad": 0.047614543426157466,
    "episodes": 24
  }
}
{
  "epoch": 10,
  "timestamp_utc": "2026-05-25T01:26:57.061630+00:00",
  "train_loss": 0.050972592811100184,
  "val_loss": 0.06105317351815756,
  "val_rmse": {
    "vel_body_x_mps": 0.0012133761434992842,
    "vel_body_y_mps": 0.0006978117374786219,
    "roll_rad": 1.3088380463313417e-05,
    "pitch_rad": 7.617614510685308e-06,
    "roll_rate_radps": 0.0012350714239572123,
    "ang_vel_body_y_radps": 0.0009511132416340663,
    "yaw_rate_radps": 0.0017286343246171781
  },
  "rollout_1.0s": {
    "state_rmse": {
      "vel_body_x_mps": 0.0025760907733862106,
      "vel_body_y_mps": 0.005063106106464183,
      "roll_rad": 0.00013477332112787628,
      "pitch_rad": 5.765673566714808e-05,
      "roll_rate_radps": 0.0012757920041807655,
      "ang_vel_body_y_radps": 0.0011710666281122693,
      "yaw_rate_radps": 0.003879167915823993
    },
    "xy_rmse_m": 0.002294398591713476,
    "yaw_rmse_rad": 0.0014866389004766231,
    "episodes": 24
  },
  "rollout_2.0s": {
    "state_rmse": {
      "vel_body_x_mps": 0.049686471895871734,
      "vel_body_y_mps": 0.012265201270806695,
      "roll_rad": 0.000686032433316457,
      "pitch_rad": 0.000360136340170732,
      "roll_rate_radps": 0.0026697782302207295,
      "ang_vel_body_y_radps": 0.0020248563422038085,
      "yaw_rate_radps": 0.009018922232090151
    },
    "xy_rmse_m": 0.016051291037263996,
    "yaw_rmse_rad": 0.00610979166416094,
    "episodes": 24
  },
  "rollout_5.0s": {
    "state_rmse": {
      "vel_body_x_mps": 0.37077376744055573,
      "vel_body_y_mps": 0.05593427515479567,
      "roll_rad": 0.001485760515600267,
      "pitch_rad": 0.0015957114062384286,
      "roll_rate_radps": 0.008899988293936905,
      "ang_vel_body_y_radps": 0.009953738569439423,
      "yaw_rate_radps": 0.035965743183662774
    },
    "xy_rmse_m": 0.4593098598365761,
    "yaw_rmse_rad": 0.05251363647333614,
    "episodes": 24
  }
}
{
  "epoch": 11,
  "timestamp_utc": "2026-05-25T01:27:38.894551+00:00",
  "train_loss": 0.049849928366951644,
  "val_loss": 0.05930112849106081,
  "val_rmse": {
    "vel_body_x_mps": 0.0011895677064058076,
    "vel_body_y_mps": 0.0006714272845567137,
    "roll_rad": 1.3329830760906123e-05,
    "pitch_rad": 7.069991778499483e-06,
    "roll_rate_radps": 0.0012206368782197241,
    "ang_vel_body_y_radps": 0.0009375635207507204,
    "yaw_rate_radps": 0.0017220440841240118
  },
  "rollout_1.0s": {
    "state_rmse": {
      "vel_body_x_mps": 0.005080877869018414,
      "vel_body_y_mps": 0.011165941267091842,
      "roll_rad": 0.00013291354517695075,
      "pitch_rad": 5.4187427329388944e-05,
      "roll_rate_radps": 0.0009272969906224028,
      "ang_vel_body_y_radps": 0.0002463283843260616,
      "yaw_rate_radps": 0.0036197307977701527
    },
    "xy_rmse_m": 0.00475841326047063,
    "yaw_rmse_rad": 0.0014319856274780528,
    "episodes": 24
  },
  "rollout_2.0s": {
    "state_rmse": {
      "vel_body_x_mps": 0.04962807957665573,
      "vel_body_y_mps": 0.018523609674257282,
      "roll_rad": 0.00033163425415923633,
      "pitch_rad": 0.0002525264644734207,
      "roll_rate_radps": 0.002181983718521752,
      "ang_vel_body_y_radps": 0.0016118213312811731,
      "yaw_rate_radps": 0.009246881511572996
    },
    "xy_rmse_m": 0.026842426644416367,
    "yaw_rmse_rad": 0.006150832543292125,
    "episodes": 24
  },
  "rollout_5.0s": {
    "state_rmse": {
      "vel_body_x_mps": 0.27030618914732624,
      "vel_body_y_mps": 0.043446047477082216,
      "roll_rad": 0.0012656088708121278,
      "pitch_rad": 0.0009892499097057506,
      "roll_rate_radps": 0.008326037882605811,
      "ang_vel_body_y_radps": 0.009611469461517126,
      "yaw_rate_radps": 0.03128698910642989
    },
    "xy_rmse_m": 0.25803315971129503,
    "yaw_rmse_rad": 0.04516421912460936,
    "episodes": 24
  }
}
{
  "epoch": 12,
  "timestamp_utc": "2026-05-25T01:28:21.782161+00:00",
  "train_loss": 0.04853214439749718,
  "val_loss": 0.055368517046736086,
  "val_rmse": {
    "vel_body_x_mps": 0.001160078694667654,
    "vel_body_y_mps": 0.0006915959033438266,
    "roll_rad": 1.1712768162973816e-05,
    "pitch_rad": 6.4452177586331546e-06,
    "roll_rate_radps": 0.0011729528761077125,
    "ang_vel_body_y_radps": 0.000912217680209963,
    "yaw_rate_radps": 0.0016435458425683017
  },
  "rollout_1.0s": {
    "state_rmse": {
      "vel_body_x_mps": 0.006082814795212705,
      "vel_body_y_mps": 0.00232594892674786,
      "roll_rad": 8.016064448199181e-05,
      "pitch_rad": 5.1220903948852045e-05,
      "roll_rate_radps": 0.0022451440658644065,
      "ang_vel_body_y_radps": 0.0002129160655433276,
      "yaw_rate_radps": 0.0013252753342653367
    },
    "xy_rmse_m": 0.002009598960902137,
    "yaw_rmse_rad": 0.00043041997304673946,
    "episodes": 24
  },
  "rollout_2.0s": {
    "state_rmse": {
      "vel_body_x_mps": 0.043009308023379274,
      "vel_body_y_mps": 0.010652188665550628,
      "roll_rad": 0.00032541986834135067,
      "pitch_rad": 0.00040021229018999215,
      "roll_rate_radps": 0.0032654295639909787,
      "ang_vel_body_y_radps": 0.0016226896150080125,
      "yaw_rate_radps": 0.004955905017267409
    },
    "xy_rmse_m": 0.012876968149637921,
    "yaw_rmse_rad": 0.0019110375208761827,
    "episodes": 24
  },
  "rollout_5.0s": {
    "state_rmse": {
      "vel_body_x_mps": 0.5348802071591499,
      "vel_body_y_mps": 0.06824815819397187,
      "roll_rad": 0.0017607692724428354,
      "pitch_rad": 0.0014453709914117137,
      "roll_rate_radps": 0.00852410155286252,
      "ang_vel_body_y_radps": 0.009723986016086428,
      "yaw_rate_radps": 0.04477726013949565
    },
    "xy_rmse_m": 0.7538893634044742,
    "yaw_rmse_rad": 0.07110812517034086,
    "episodes": 24
  }
}
{
  "epoch": 13,
  "timestamp_utc": "2026-05-25T01:29:03.590335+00:00",
  "train_loss": 0.04726562680862844,
  "val_loss": 0.0550646007314208,
  "val_rmse": {
    "vel_body_x_mps": 0.0010979458310607635,
    "vel_body_y_mps": 0.0006379292173017172,
    "roll_rad": 1.1653441394564454e-05,
    "pitch_rad": 6.526536074235135e-06,
    "roll_rate_radps": 0.0011696509661666573,
    "ang_vel_body_y_radps": 0.0009182226647234123,
    "yaw_rate_radps": 0.0015721416319454723
  },
  "rollout_1.0s": {
    "state_rmse": {
      "vel_body_x_mps": 0.0083473030480416,
      "vel_body_y_mps": 0.002902914947445667,
      "roll_rad": 0.00018352880025720872,
      "pitch_rad": 5.618034195236162e-05,
      "roll_rate_radps": 0.0006854111456622892,
      "ang_vel_body_y_radps": 0.0004588548330487418,
      "yaw_rate_radps": 0.003950851356579609
    },
    "xy_rmse_m": 0.003387839442560097,
    "yaw_rmse_rad": 0.0015091322204462986,
    "episodes": 24
  },
  "rollout_2.0s": {
    "state_rmse": {
      "vel_body_x_mps": 0.1097460984139564,
      "vel_body_y_mps": 0.010597814580833642,
      "roll_rad": 0.0007820127416189843,
      "pitch_rad": 0.0006015215526988859,
      "roll_rate_radps": 0.0021606937059254726,
      "ang_vel_body_y_radps": 0.002214973915486633,
      "yaw_rate_radps": 0.009507581064118305
    },
    "xy_rmse_m": 0.03627249809155961,
    "yaw_rmse_rad": 0.006261821374611951,
    "episodes": 24
  },
  "rollout_5.0s": {
    "state_rmse": {
      "vel_body_x_mps": 0.5802862159146327,
      "vel_body_y_mps": 0.048532160400110234,
      "roll_rad": 0.0016722270957693938,
      "pitch_rad": 0.0014947421826002289,
      "roll_rate_radps": 0.008821978909522072,
      "ang_vel_body_y_radps": 0.010003410805908284,
      "yaw_rate_radps": 0.03406783630392208
    },
    "xy_rmse_m": 0.8642901498150796,
    "yaw_rmse_rad": 0.05025794256108898,
    "episodes": 24
  }
}
{
  "epoch": 14,
  "timestamp_utc": "2026-05-25T01:29:46.603547+00:00",
  "train_loss": 0.04613478611689061,
  "val_loss": 0.05197219915935421,
  "val_rmse": {
    "vel_body_x_mps": 0.001071286199781589,
    "vel_body_y_mps": 0.0006685040498579927,
    "roll_rad": 1.1120070691687181e-05,
    "pitch_rad": 6.444457600613792e-06,
    "roll_rate_radps": 0.0011430559941560264,
    "ang_vel_body_y_radps": 0.0008818239228667318,
    "yaw_rate_radps": 0.0016074563841562632
  },
  "rollout_1.0s": {
    "state_rmse": {
      "vel_body_x_mps": 0.005448578493787523,
      "vel_body_y_mps": 0.002486841305068946,
      "roll_rad": 0.0002553793606084639,
      "pitch_rad": 4.026426511698153e-05,
      "roll_rate_radps": 0.0012170618244130415,
      "ang_vel_body_y_radps": 0.000505917249816721,
      "yaw_rate_radps": 0.0011592942102302123
    },
    "xy_rmse_m": 0.0019741352988238863,
    "yaw_rmse_rad": 0.00029036298357819373,
    "episodes": 24
  },
  "rollout_2.0s": {
    "state_rmse": {
      "vel_body_x_mps": 0.0363627769756197,
      "vel_body_y_mps": 0.006828375217971036,
      "roll_rad": 0.0004971279584614169,
      "pitch_rad": 0.00025784476643285524,
      "roll_rate_radps": 0.0019757139287403624,
      "ang_vel_body_y_radps": 0.0009722859861814162,
      "yaw_rate_radps": 0.004575968141071639
    },
    "xy_rmse_m": 0.01732475241365293,
    "yaw_rmse_rad": 0.002386078304311166,
    "episodes": 24
  },
  "rollout_5.0s": {
    "state_rmse": {
      "vel_body_x_mps": 0.27653295502834124,
      "vel_body_y_mps": 0.02187882725550916,
      "roll_rad": 0.0010897746118534316,
      "pitch_rad": 0.0010026729423841425,
      "roll_rate_radps": 0.008272334776150197,
      "ang_vel_body_y_radps": 0.009525560784032347,
      "yaw_rate_radps": 0.017412927745258627
    },
    "xy_rmse_m": 0.26771873659238,
    "yaw_rmse_rad": 0.022357017978385907,
    "episodes": 24
  }
}
{
  "epoch": 15,
  "timestamp_utc": "2026-05-25T01:30:28.470235+00:00",
  "train_loss": 0.045135852922685446,
  "val_loss": 0.05380036419650423,
  "val_rmse": {
    "vel_body_x_mps": 0.0010943469855935692,
    "vel_body_y_mps": 0.000625650561994646,
    "roll_rad": 1.2755030127948622e-05,
    "pitch_rad": 6.4392057476968505e-06,
    "roll_rate_radps": 0.001151887532721076,
    "ang_vel_body_y_radps": 0.0009108555692790388,
    "yaw_rate_radps": 0.0015198833949475546
  },
  "rollout_1.0s": {
    "state_rmse": {
      "vel_body_x_mps": 0.0037866666207670508,
      "vel_body_y_mps": 0.003957397447674046,
      "roll_rad": 7.145414075029962e-05,
      "pitch_rad": 2.6394293476295733e-05,
      "roll_rate_radps": 0.0007260012118411755,
      "ang_vel_body_y_radps": 0.0003113603225024678,
      "yaw_rate_radps": 0.0029512058800790345
    },
    "xy_rmse_m": 0.0017853774480659711,
    "yaw_rmse_rad": 0.0011152622964689354,
    "episodes": 24
  },
  "rollout_2.0s": {
    "state_rmse": {
      "vel_body_x_mps": 0.05731340626004127,
      "vel_body_y_mps": 0.014528625792536195,
      "roll_rad": 0.00033119928752936665,
      "pitch_rad": 0.0003930453817090663,
      "roll_rate_radps": 0.0019217221775996811,
      "ang_vel_body_y_radps": 0.0019249548438334792,
      "yaw_rate_radps": 0.008688380338275082
    },
    "xy_rmse_m": 0.02191416593701186,
    "yaw_rmse_rad": 0.004475639557617383,
    "episodes": 24
  },
  "rollout_5.0s": {
    "state_rmse": {
      "vel_body_x_mps": 0.4263577436518756,
      "vel_body_y_mps": 0.059319671128177376,
      "roll_rad": 0.00185057882640845,
      "pitch_rad": 0.0014651338348300612,
      "roll_rate_radps": 0.008780255163284257,
      "ang_vel_body_y_radps": 0.009818983133972286,
      "yaw_rate_radps": 0.03894344878974444
    },
    "xy_rmse_m": 0.5677913814194133,
    "yaw_rmse_rad": 0.060878163918863776,
    "episodes": 24
  }
}
{
  "epoch": 16,
  "timestamp_utc": "2026-05-25T01:31:10.623901+00:00",
  "train_loss": 0.04437110555265099,
  "val_loss": 0.05133936850230384,
  "val_rmse": {
    "vel_body_x_mps": 0.0010239747962600303,
    "vel_body_y_mps": 0.0006108585997970096,
    "roll_rad": 1.0175093569184303e-05,
    "pitch_rad": 6.058593408848307e-06,
    "roll_rate_radps": 0.0011438217321924722,
    "ang_vel_body_y_radps": 0.0008870936492179032,
    "yaw_rate_radps": 0.0014811344029237324
  },
  "rollout_1.0s": {
    "state_rmse": {
      "vel_body_x_mps": 0.0030406641930148864,
      "vel_body_y_mps": 0.002302511661792222,
      "roll_rad": 0.00012061549775784104,
      "pitch_rad": 3.513380503050422e-05,
      "roll_rate_radps": 0.0006225226847507702,
      "ang_vel_body_y_radps": 0.00030524519941695034,
      "yaw_rate_radps": 0.001122021875898673
    },
    "xy_rmse_m": 0.0012924399326437244,
    "yaw_rmse_rad": 0.0003062376487032445,
    "episodes": 24
  },
  "rollout_2.0s": {
    "state_rmse": {
      "vel_body_x_mps": 0.06538442457109526,
      "vel_body_y_mps": 0.009478576625738156,
      "roll_rad": 0.00048824450246041923,
      "pitch_rad": 0.0003830697748912265,
      "roll_rate_radps": 0.0019655691472920014,
      "ang_vel_body_y_radps": 0.001897927019117154,
      "yaw_rate_radps": 0.006805319470824602
    },
    "xy_rmse_m": 0.022004393960620223,
    "yaw_rmse_rad": 0.0024833792841485757,
    "episodes": 24
  },
  "rollout_5.0s": {
    "state_rmse": {
      "vel_body_x_mps": 0.28603405118819747,
      "vel_body_y_mps": 0.04332928689963325,
      "roll_rad": 0.0009990218069085167,
      "pitch_rad": 0.0012418445488439457,
      "roll_rate_radps": 0.008515153288228135,
      "ang_vel_body_y_radps": 0.009981196766171116,
      "yaw_rate_radps": 0.02944911439521426
    },
    "xy_rmse_m": 0.3382561818702419,
    "yaw_rmse_rad": 0.03665574514585121,
    "episodes": 24
  }
}
{
  "epoch": 17,
  "timestamp_utc": "2026-05-25T01:31:54.067160+00:00",
  "train_loss": 0.043249971381388606,
  "val_loss": 0.04954817049598205,
  "val_rmse": {
    "vel_body_x_mps": 0.0010320481406884809,
    "vel_body_y_mps": 0.0006039684952207422,
    "roll_rad": 9.971297118998482e-06,
    "pitch_rad": 5.952368290802033e-06,
    "roll_rate_radps": 0.0011097061002063827,
    "ang_vel_body_y_radps": 0.0008729314546494596,
    "yaw_rate_radps": 0.001497232247359261
  },
  "rollout_1.0s": {
    "state_rmse": {
      "vel_body_x_mps": 0.0038564876341248755,
      "vel_body_y_mps": 0.0010225566904335066,
      "roll_rad": 0.0001059760105750293,
      "pitch_rad": 9.662120116469589e-05,
      "roll_rate_radps": 0.0007614776111822867,
      "ang_vel_body_y_radps": 0.0002397398396890736,
      "yaw_rate_radps": 0.00206816799264561
    },
    "xy_rmse_m": 0.0010218449363607906,
    "yaw_rmse_rad": 0.000708136735681923,
    "episodes": 24
  },
  "rollout_2.0s": {
    "state_rmse": {
      "vel_body_x_mps": 0.07570772765028937,
      "vel_body_y_mps": 0.012518782647590569,
      "roll_rad": 0.0005225886606164099,
      "pitch_rad": 0.0004555783274561985,
      "roll_rate_radps": 0.0024783412933473206,
      "ang_vel_body_y_radps": 0.001562608382664889,
      "yaw_rate_radps": 0.008211834733428685
    },
    "xy_rmse_m": 0.024692798217077257,
    "yaw_rmse_rad": 0.0029901092889269873,
    "episodes": 24
  },
  "rollout_5.0s": {
    "state_rmse": {
      "vel_body_x_mps": 0.2976485146496114,
      "vel_body_y_mps": 0.03586639860137703,
      "roll_rad": 0.001067844415289395,
      "pitch_rad": 0.0010660295786966156,
      "roll_rate_radps": 0.008277548564533756,
      "ang_vel_body_y_radps": 0.009600365361772207,
      "yaw_rate_radps": 0.024667838344949136
    },
    "xy_rmse_m": 0.39244970127181744,
    "yaw_rmse_rad": 0.03646594412942601,
    "episodes": 24
  }
}
{
  "epoch": 18,
  "timestamp_utc": "2026-05-25T01:32:36.236106+00:00",
  "train_loss": 0.04252077264990658,
  "val_loss": 0.04842588144922047,
  "val_rmse": {
    "vel_body_x_mps": 0.0010003555041827657,
    "vel_body_y_mps": 0.0006059775563092398,
    "roll_rad": 1.0109867165335645e-05,
    "pitch_rad": 5.8951807748117174e-06,
    "roll_rate_radps": 0.001096307582936112,
    "ang_vel_body_y_radps": 0.0008660939968765603,
    "yaw_rate_radps": 0.0014536817930675533
  },
  "rollout_1.0s": {
    "state_rmse": {
      "vel_body_x_mps": 0.0062335947104944014,
      "vel_body_y_mps": 0.004773129609586144,
      "roll_rad": 5.4834371480671044e-05,
      "pitch_rad": 9.424153416638575e-05,
      "roll_rate_radps": 0.0005655773034484905,
      "ang_vel_body_y_radps": 0.00018856111296576086,
      "yaw_rate_radps": 0.0030872301929829914
    },
    "xy_rmse_m": 0.0027170436412059236,
    "yaw_rmse_rad": 0.0011031563743344065,
    "episodes": 24
  },
  "rollout_2.0s": {
    "state_rmse": {
      "vel_body_x_mps": 0.04558998910469238,
      "vel_body_y_mps": 0.011731325298649176,
      "roll_rad": 0.0003580003861747512,
      "pitch_rad": 0.0003032740246793389,
      "roll_rate_radps": 0.0019070607079306463,
      "ang_vel_body_y_radps": 0.0012643040273028563,
      "yaw_rate_radps": 0.00748386565590811
    },
    "xy_rmse_m": 0.01897427008881038,
    "yaw_rmse_rad": 0.004279039594517062,
    "episodes": 24
  },
  "rollout_5.0s": {
    "state_rmse": {
      "vel_body_x_mps": 0.25617743453228453,
      "vel_body_y_mps": 0.029352988149716246,
      "roll_rad": 0.0010809231871345571,
      "pitch_rad": 0.0009781846927362286,
      "roll_rate_radps": 0.0084406392485355,
      "ang_vel_body_y_radps": 0.010198480847610113,
      "yaw_rate_radps": 0.022907576415551568
    },
    "xy_rmse_m": 0.30855397380935146,
    "yaw_rmse_rad": 0.03727372155743077,
    "episodes": 24
  }
}
{
  "epoch": 19,
  "timestamp_utc": "2026-05-25T01:33:19.412457+00:00",
  "train_loss": 0.04189604242984205,
  "val_loss": 0.04774477221471898,
  "val_rmse": {
    "vel_body_x_mps": 0.0009913675984001237,
    "vel_body_y_mps": 0.0005978538991414225,
    "roll_rad": 9.616184236388348e-06,
    "pitch_rad": 5.820349956003961e-06,
    "roll_rate_radps": 0.0010968157900534334,
    "ang_vel_body_y_radps": 0.0008572052587466675,
    "yaw_rate_radps": 0.0014403805225309263
  },
  "rollout_1.0s": {
    "state_rmse": {
      "vel_body_x_mps": 0.0023572347369808394,
      "vel_body_y_mps": 0.004868937037206352,
      "roll_rad": 0.0001230687049383315,
      "pitch_rad": 3.2927865564204795e-05,
      "roll_rate_radps": 0.001084134924683902,
      "ang_vel_body_y_radps": 0.00029996156785045195,
      "yaw_rate_radps": 0.004566509269840766
    },
    "xy_rmse_m": 0.002149224900422552,
    "yaw_rmse_rad": 0.001680108320691951,
    "episodes": 24
  },
  "rollout_2.0s": {
    "state_rmse": {
      "vel_body_x_mps": 0.027144276147943715,
      "vel_body_y_mps": 0.009275835499174387,
      "roll_rad": 0.0002881432847023397,
      "pitch_rad": 0.000204575752049815,
      "roll_rate_radps": 0.001373960315891871,
      "ang_vel_body_y_radps": 0.0012068601930035172,
      "yaw_rate_radps": 0.009348214770029376
    },
    "xy_rmse_m": 0.011423895575328653,
    "yaw_rmse_rad": 0.006959683076475946,
    "episodes": 24
  },
  "rollout_5.0s": {
    "state_rmse": {
      "vel_body_x_mps": 0.2707103405027975,
      "vel_body_y_mps": 0.020058311478523973,
      "roll_rad": 0.0009310034642454804,
      "pitch_rad": 0.0009895215641495792,
      "roll_rate_radps": 0.008867284118597324,
      "ang_vel_body_y_radps": 0.010153606278631879,
      "yaw_rate_radps": 0.018380113498523802
    },
    "xy_rmse_m": 0.26051973639075143,
    "yaw_rmse_rad": 0.028529614110088967,
    "episodes": 24
  }
}
{
  "epoch": 20,
  "timestamp_utc": "2026-05-25T01:34:01.262435+00:00",
  "train_loss": 0.04194615656137467,
  "val_loss": 0.05118036268162541,
  "val_rmse": {
    "vel_body_x_mps": 0.0010083877297875985,
    "vel_body_y_mps": 0.0005960212597935957,
    "roll_rad": 1.0243533099994726e-05,
    "pitch_rad": 5.881625157275349e-06,
    "roll_rate_radps": 0.0011424361878046938,
    "ang_vel_body_y_radps": 0.0008905725116943071,
    "yaw_rate_radps": 0.001432881814514191
  },
  "rollout_1.0s": {
    "state_rmse": {
      "vel_body_x_mps": 0.004852428124556821,
      "vel_body_y_mps": 0.0032099208507294446,
      "roll_rad": 0.0001266972083332648,
      "pitch_rad": 4.8054518040231125e-05,
      "roll_rate_radps": 0.0009476654116328837,
      "ang_vel_body_y_radps": 0.00021883616468871972,
      "yaw_rate_radps": 0.0014766418438361586
    },
    "xy_rmse_m": 0.0021585489954906284,
    "yaw_rmse_rad": 0.00031673245416196744,
    "episodes": 24
  },
  "rollout_2.0s": {
    "state_rmse": {
      "vel_body_x_mps": 0.032848576143446884,
      "vel_body_y_mps": 0.007980859948447171,
      "roll_rad": 0.00023818720030969437,
      "pitch_rad": 0.0002214599323828051,
      "roll_rate_radps": 0.0017778052813301208,
      "ang_vel_body_y_radps": 0.000962628503927329,
      "yaw_rate_radps": 0.004494082846906277
    },
    "xy_rmse_m": 0.013706220051205368,
    "yaw_rmse_rad": 0.0023757381001356668,
    "episodes": 24
  },
  "rollout_5.0s": {
    "state_rmse": {
      "vel_body_x_mps": 0.3357219842790896,
      "vel_body_y_mps": 0.02618142197619739,
      "roll_rad": 0.0010428642771644406,
      "pitch_rad": 0.0011113857792964842,
      "roll_rate_radps": 0.008188252291236384,
      "ang_vel_body_y_radps": 0.009602875830399095,
      "yaw_rate_radps": 0.020277875287732748
    },
    "xy_rmse_m": 0.3464284020893056,
    "yaw_rmse_rad": 0.020394698231506133,
    "episodes": 24
  }
}
training completed; last checkpoint: /home/harry/NeDM/artifacts/training_runs/hmmwv_transformer_v3_turn_300g/checkpoints/last.pt
[2026-05-24T20:34:03-05:00] training completed
