[2026-06-10T04:34:15.564303+00:00] train d050_v07_050g: archived interrupted run to /home/harry/NeDM/artifacts/training_runs/hmmwv_transformer_d050_v07_050g_interrupted_20260610T043415Z
[2026-06-10T04:34:15.564360+00:00] train d050_v07_050g: /home/harry/anaconda3/envs/tutorial/bin/python scripts/train_hmmwv_dynamics.py --config /home/harry/NeDM/artifacts/training_runs/hmmwv_sweep_v07_data_scaling/configs/d050_v07_050g.json --device cuda
{
  "epoch": 1,
  "timestamp_utc": "2026-06-10T04:34:44.426194+00:00",
  "train_loss": 0.1887378744594753,
  "val_loss": 0.13671362334454898,
  "val_rmse": {
    "vel_body_x_mps": 0.002833182636792307,
    "vel_body_y_mps": 0.0015044209037784555,
    "roll_rad": 2.7139894628531926e-05,
    "pitch_rad": 1.213237722761513e-05,
    "roll_rate_radps": 0.0017956334345601572,
    "ang_vel_body_y_radps": 0.0013273253324301538,
    "yaw_rate_radps": 0.0028323535029214915
  }
}
{
  "epoch": 2,
  "timestamp_utc": "2026-06-10T04:35:09.365548+00:00",
  "train_loss": 0.08202015455812216,
  "val_loss": 0.12454488200397464,
  "val_rmse": {
    "vel_body_x_mps": 0.0019158956330655426,
    "vel_body_y_mps": 0.001139273087590575,
    "roll_rad": 2.6472309920845315e-05,
    "pitch_rad": 1.1733094571936825e-05,
    "roll_rate_radps": 0.0017663983245090574,
    "ang_vel_body_y_radps": 0.0013221715196993673,
    "yaw_rate_radps": 0.0026002768807053857
  }
}
{
  "epoch": 3,
  "timestamp_utc": "2026-06-10T04:35:34.367387+00:00",
  "train_loss": 0.07053422863222658,
  "val_loss": 0.09491303331116796,
  "val_rmse": {
    "vel_body_x_mps": 0.0016744650250498602,
    "vel_body_y_mps": 0.0009559121325389729,
    "roll_rad": 2.0354843886842474e-05,
    "pitch_rad": 9.520684137687069e-06,
    "roll_rate_radps": 0.0015014169091308008,
    "ang_vel_body_y_radps": 0.001180363267687959,
    "yaw_rate_radps": 0.0022573766432856324
  }
}
{
  "epoch": 4,
  "timestamp_utc": "2026-06-10T04:35:59.348339+00:00",
  "train_loss": 0.06511453355289995,
  "val_loss": 0.08634887015330606,
  "val_rmse": {
    "vel_body_x_mps": 0.001757398304583209,
    "vel_body_y_mps": 0.0009099444752979389,
    "roll_rad": 1.8892618008008973e-05,
    "pitch_rad": 9.14095159984482e-06,
    "roll_rate_radps": 0.001449112134148659,
    "ang_vel_body_y_radps": 0.001103111567467942,
    "yaw_rate_radps": 0.0021983051168457885
  }
}
{
  "epoch": 5,
  "timestamp_utc": "2026-06-10T04:36:24.341872+00:00",
  "train_loss": 0.061189348102547225,
  "val_loss": 0.08080307594209443,
  "val_rmse": {
    "vel_body_x_mps": 0.001486401825107687,
    "vel_body_y_mps": 0.0008304509177558602,
    "roll_rad": 1.547050590861803e-05,
    "pitch_rad": 8.400413496574145e-06,
    "roll_rate_radps": 0.001416546714953658,
    "ang_vel_body_y_radps": 0.0010860720543203418,
    "yaw_rate_radps": 0.002065401326600824
  }
}
{
  "epoch": 6,
  "timestamp_utc": "2026-06-10T04:36:49.383534+00:00",
  "train_loss": 0.05908257515355945,
  "val_loss": 0.07831039022188634,
  "val_rmse": {
    "vel_body_x_mps": 0.0014952631098658499,
    "vel_body_y_mps": 0.000896128553945256,
    "roll_rad": 1.7648303370962392e-05,
    "pitch_rad": 8.347128474689717e-06,
    "roll_rate_radps": 0.00138826463917093,
    "ang_vel_body_y_radps": 0.0010634398081035197,
    "yaw_rate_radps": 0.002075985572319275
  }
}
{
  "epoch": 7,
  "timestamp_utc": "2026-06-10T04:37:14.385446+00:00",
  "train_loss": 0.05869597752764821,
  "val_loss": 0.07660753163712798,
  "val_rmse": {
    "vel_body_x_mps": 0.0013366886223506445,
    "vel_body_y_mps": 0.0008236151985147127,
    "roll_rad": 1.5913887086902583e-05,
    "pitch_rad": 8.120639248432756e-06,
    "roll_rate_radps": 0.0013955653189830597,
    "ang_vel_body_y_radps": 0.0010564633017098948,
    "yaw_rate_radps": 0.002018147548934947
  }
}
{
  "epoch": 8,
  "timestamp_utc": "2026-06-10T04:37:39.340550+00:00",
  "train_loss": 0.057086991453543304,
  "val_loss": 0.07238854229319258,
  "val_rmse": {
    "vel_body_x_mps": 0.0013418236983929958,
    "vel_body_y_mps": 0.0008121140648807081,
    "roll_rad": 1.6192624850774187e-05,
    "pitch_rad": 8.40854078976999e-06,
    "roll_rate_radps": 0.0013582117664328864,
    "ang_vel_body_y_radps": 0.0010235637168779421,
    "yaw_rate_radps": 0.001913826438765548
  }
}
{
  "epoch": 9,
  "timestamp_utc": "2026-06-10T04:38:04.412008+00:00",
  "train_loss": 0.055954677225090566,
  "val_loss": 0.0674996235826984,
  "val_rmse": {
    "vel_body_x_mps": 0.0012992577720371695,
    "vel_body_y_mps": 0.000770359416712172,
    "roll_rad": 1.4822978439848553e-05,
    "pitch_rad": 7.957758269137393e-06,
    "roll_rate_radps": 0.0012836160776878997,
    "ang_vel_body_y_radps": 0.0009950686344535054,
    "yaw_rate_radps": 0.0019345468781939148
  }
}
{
  "epoch": 10,
  "timestamp_utc": "2026-06-10T04:38:29.404801+00:00",
  "train_loss": 0.05386144374497235,
  "val_loss": 0.07015369304921477,
  "val_rmse": {
    "vel_body_x_mps": 0.001322520581666477,
    "vel_body_y_mps": 0.000794099935074422,
    "roll_rad": 1.4937380117932001e-05,
    "pitch_rad": 7.307759064952557e-06,
    "roll_rate_radps": 0.0013188959337838676,
    "ang_vel_body_y_radps": 0.0010183921835515723,
    "yaw_rate_radps": 0.0019330691830380703
  }
}
{
  "epoch": 11,
  "timestamp_utc": "2026-06-10T04:38:54.288128+00:00",
  "train_loss": 0.05399850802868605,
  "val_loss": 0.07228954508282186,
  "val_rmse": {
    "vel_body_x_mps": 0.00126855046970976,
    "vel_body_y_mps": 0.0007801211348256123,
    "roll_rad": 1.7080643838493135e-05,
    "pitch_rad": 7.515694565035707e-06,
    "roll_rate_radps": 0.0013625275659044662,
    "ang_vel_body_y_radps": 0.001030568713734088,
    "yaw_rate_radps": 0.0019103802710061903
  }
}
{
  "epoch": 12,
  "timestamp_utc": "2026-06-10T04:39:19.197460+00:00",
  "train_loss": 0.052643966054543856,
  "val_loss": 0.07208718903115369,
  "val_rmse": {
    "vel_body_x_mps": 0.0012308610757157871,
    "vel_body_y_mps": 0.0008481507772779127,
    "roll_rad": 1.4498978499994678e-05,
    "pitch_rad": 7.347039163769745e-06,
    "roll_rate_radps": 0.0013586305172370704,
    "ang_vel_body_y_radps": 0.0010263261462600981,
    "yaw_rate_radps": 0.0019994928458362308
  }
}
{
  "epoch": 13,
  "timestamp_utc": "2026-06-10T04:39:44.111231+00:00",
  "train_loss": 0.05267790750414133,
  "val_loss": 0.06695921509861363,
  "val_rmse": {
    "vel_body_x_mps": 0.0012879731550008591,
    "vel_body_y_mps": 0.0007655803424696559,
    "roll_rad": 1.3247226745726899e-05,
    "pitch_rad": 7.305283153412019e-06,
    "roll_rate_radps": 0.0013041548400811404,
    "ang_vel_body_y_radps": 0.000992630570187863,
    "yaw_rate_radps": 0.0018334345387621205
  }
}
{
  "epoch": 14,
  "timestamp_utc": "2026-06-10T04:40:09.067402+00:00",
  "train_loss": 0.05194649199582636,
  "val_loss": 0.06513191215955885,
  "val_rmse": {
    "vel_body_x_mps": 0.0012806133192738182,
    "vel_body_y_mps": 0.0007641092472959125,
    "roll_rad": 1.4588227395661586e-05,
    "pitch_rad": 7.95009338683527e-06,
    "roll_rate_radps": 0.0012505717257856857,
    "ang_vel_body_y_radps": 0.0009890365643686143,
    "yaw_rate_radps": 0.0017959841755444165
  }
}
{
  "epoch": 15,
  "timestamp_utc": "2026-06-10T04:40:34.058529+00:00",
  "train_loss": 0.05155502730980516,
  "val_loss": 0.07170969826605869,
  "val_rmse": {
    "vel_body_x_mps": 0.0013694371457425416,
    "vel_body_y_mps": 0.0007983673677889658,
    "roll_rad": 1.4060913657039e-05,
    "pitch_rad": 7.6204609301718745e-06,
    "roll_rate_radps": 0.0013724630254790013,
    "ang_vel_body_y_radps": 0.0010253585778145758,
    "yaw_rate_radps": 0.001750443801527578
  }
}
{
  "epoch": 16,
  "timestamp_utc": "2026-06-10T04:40:58.966156+00:00",
  "train_loss": 0.05153469500504434,
  "val_loss": 0.06393812725276803,
  "val_rmse": {
    "vel_body_x_mps": 0.001355422037830206,
    "vel_body_y_mps": 0.0007212171377654248,
    "roll_rad": 1.3078920470071907e-05,
    "pitch_rad": 7.3089038753088996e-06,
    "roll_rate_radps": 0.0012643098536973905,
    "ang_vel_body_y_radps": 0.0009669573635098658,
    "yaw_rate_radps": 0.0017960881833033575
  }
}
[2026-06-10T04:41:03.390331+00:00] d050_v07_050g failed: CalledProcessError(-7, ['/home/harry/anaconda3/envs/tutorial/bin/python', 'scripts/train_hmmwv_dynamics.py', '--config', '/home/harry/NeDM/artifacts/training_runs/hmmwv_sweep_v07_data_scaling/configs/d050_v07_050g.json', '--device', 'cuda'])
